2015-06-08 11:37:40,937 [Worker-4] INFO  o.e.m.c.i.l.LifecycleMappingFactory - Using NULL lifecycle mapping for MavenProject: com.learnvest:blazewater-bay:1.0-SNAPSHOT @ /Users/jmarshall/Documents/Development/blazewater/pom.xml.
2015-06-08 11:37:41,475 [Worker-4] INFO  o.e.m.c.i.l.LifecycleMappingFactory - Using org.eclipse.m2e.jdt.JarLifecycleMapping lifecycle mapping for MavenProject: com.learnvest:blazewater-core:1.0-SNAPSHOT @ /Users/jmarshall/Documents/Development/blazewater/blazewater-core/pom.xml.
2015-06-08 11:37:42,832 [Worker-4] INFO  o.e.m.c.i.l.LifecycleMappingFactory - Using NULL lifecycle mapping for MavenProject: com.learnvest:blazewater-commons:1.0-SNAPSHOT @ /Users/jmarshall/Documents/Development/blazewater/blazewater-commons/pom.xml.
2015-06-08 11:37:42,869 [Worker-4] INFO  o.e.m.c.i.l.LifecycleMappingFactory - Using org.eclipse.m2e.jdt.JarLifecycleMapping lifecycle mapping for MavenProject: com.learnvest:blazewater-anno:1.0-SNAPSHOT @ /Users/jmarshall/Documents/Development/blazewater/blazewater-commons/blazewater-anno/pom.xml.
2015-06-08 11:37:42,897 [Worker-4] INFO  o.e.m.c.i.l.LifecycleMappingFactory - Using org.eclipse.m2e.jdt.JarLifecycleMapping lifecycle mapping for MavenProject: com.learnvest:blazewater-delta:1.0-SNAPSHOT @ /Users/jmarshall/Documents/Development/blazewater/blazewater-commons/blazewater-delta/pom.xml.
2015-06-08 11:37:42,976 [Worker-4] INFO  o.e.m.c.i.l.LifecycleMappingFactory - Using org.eclipse.m2e.jdt.JarLifecycleMapping lifecycle mapping for MavenProject: com.learnvest:blazewater-util:1.0-SNAPSHOT @ /Users/jmarshall/Documents/Development/blazewater/blazewater-commons/blazewater-util/pom.xml.
2015-06-08 11:37:43,050 [Worker-4] INFO  o.e.m.c.i.l.LifecycleMappingFactory - Using org.eclipse.m2e.jdt.JarLifecycleMapping lifecycle mapping for MavenProject: com.learnvest:blazewater-gson:1.0-SNAPSHOT @ /Users/jmarshall/Documents/Development/blazewater/blazewater-commons/blazewater-gson/pom.xml.
2015-06-08 11:37:43,097 [Worker-4] INFO  o.e.m.c.i.l.LifecycleMappingFactory - Using org.eclipse.m2e.jdt.JarLifecycleMapping lifecycle mapping for MavenProject: com.learnvest:blazewater-time:1.0-SNAPSHOT @ /Users/jmarshall/Documents/Development/blazewater/blazewater-commons/blazewater-time/pom.xml.
2015-06-08 11:37:43,124 [Worker-4] INFO  o.e.m.c.i.l.LifecycleMappingFactory - Using org.eclipse.m2e.jdt.JarLifecycleMapping lifecycle mapping for MavenProject: com.learnvest:blazewater-dto:1.0-SNAPSHOT @ /Users/jmarshall/Documents/Development/blazewater/blazewater-dto/pom.xml.
2015-06-08 11:37:43,207 [Worker-4] INFO  o.e.m.c.i.l.LifecycleMappingFactory - Using org.eclipse.m2e.jdt.JarLifecycleMapping lifecycle mapping for MavenProject: com.learnvest:blazewater-local:1.0-SNAPSHOT @ /Users/jmarshall/Documents/Development/blazewater/blazewater-local/pom.xml.
2015-06-08 11:37:43,385 [Worker-4] INFO  o.e.m.c.i.l.LifecycleMappingFactory - Using org.eclipse.m2e.jdt.JarLifecycleMapping lifecycle mapping for MavenProject: com.learnvest:blazewater-output-conversion:1.0-SNAPSHOT @ /Users/jmarshall/Documents/Development/blazewater/blazewater-output-conversion/pom.xml.
2015-06-08 11:37:43,422 [Worker-4] WARN  o.e.m.c.i.embedder.EclipseLogger - The artifact org.apache.commons:commons-io:jar:1.3.2 has been relocated to commons-io:commons-io:jar:1.3.2
2015-06-08 11:37:44,987 [Worker-4] INFO  o.e.m.j.i.AbstractJavaProjectConfigurator - Adding source folder /blazewater-anno/src/main/java
2015-06-08 11:37:44,988 [Worker-4] INFO  o.e.m.j.i.AbstractJavaProjectConfigurator - Adding source folder /blazewater-anno/src/test/java
2015-06-08 11:37:45,033 [Worker-4] INFO  o.e.m.j.i.AbstractJavaProjectConfigurator - Adding source folder /blazewater-time/src/main/java
2015-06-08 11:37:45,034 [Worker-4] INFO  o.e.m.j.i.AbstractJavaProjectConfigurator - Adding source folder /blazewater-time/src/test/java
2015-06-08 11:37:45,117 [Worker-0] INFO  o.e.m.c.i.l.LifecycleMappingFactory - Using org.eclipse.m2e.jdt.JarLifecycleMapping lifecycle mapping for MavenProject: com.learnvest:blazewater-core:1.0-SNAPSHOT @ /Users/jmarshall/Documents/Development/blazewater/blazewater-core/pom.xml.
2015-06-08 11:37:45,120 [Worker-4] INFO  o.e.m.j.i.AbstractJavaProjectConfigurator - Adding source folder /blazewater-util/src/main/java
2015-06-08 11:37:45,120 [Worker-4] INFO  o.e.m.j.i.AbstractJavaProjectConfigurator - Adding source folder /blazewater-util/src/test/java
2015-06-08 11:37:45,209 [Worker-4] INFO  o.e.m.j.i.AbstractJavaProjectConfigurator - Adding source folder /blazewater-gson/src/main/java
2015-06-08 11:37:45,210 [Worker-4] INFO  o.e.m.j.i.AbstractJavaProjectConfigurator - Adding source folder /blazewater-gson/src/test/java
2015-06-08 11:37:45,320 [Worker-4] INFO  o.e.m.j.i.AbstractJavaProjectConfigurator - Adding source folder /blazewater-delta/src/main/java
2015-06-08 11:37:45,321 [Worker-4] INFO  o.e.m.j.i.AbstractJavaProjectConfigurator - Adding source folder /blazewater-delta/src/test/java
2015-06-08 11:37:45,399 [Worker-4] INFO  o.e.m.j.i.AbstractJavaProjectConfigurator - Adding source folder /blazewater-dto/src/main/java
2015-06-08 11:37:45,400 [Worker-4] INFO  o.e.m.j.i.AbstractJavaProjectConfigurator - Adding source folder /blazewater-dto/src/test/java
2015-06-08 11:37:45,503 [Worker-4] INFO  o.e.m.j.i.AbstractJavaProjectConfigurator - Adding source folder /blazewater-core/src/main/java
2015-06-08 11:37:45,503 [Worker-4] INFO  o.e.m.j.i.AbstractJavaProjectConfigurator - Adding resource folder /blazewater-core/src/main/resources
2015-06-08 11:37:45,506 [Worker-4] INFO  o.e.m.j.i.AbstractJavaProjectConfigurator - Adding source folder /blazewater-core/src/test/java
2015-06-08 11:37:45,678 [Worker-4] INFO  o.e.m.j.i.AbstractJavaProjectConfigurator - Adding source folder /blazewater-output-conversion/src/main/java
2015-06-08 11:37:45,679 [Worker-4] INFO  o.e.m.j.i.AbstractJavaProjectConfigurator - Adding source folder /blazewater-output-conversion/src/test/java
2015-06-08 11:37:45,770 [Worker-4] INFO  o.e.m.j.i.AbstractJavaProjectConfigurator - Adding source folder /blazewater-local/src/main/java
2015-06-08 11:37:45,771 [Worker-4] INFO  o.e.m.j.i.AbstractJavaProjectConfigurator - Adding source folder /blazewater-local/src/test/java
2015-06-08 11:37:45,772 [Worker-4] INFO  o.e.m.j.i.AbstractJavaProjectConfigurator - Adding resource folder /blazewater-local/src/test/resources
2015-06-08 11:37:45,857 [Worker-0] INFO  o.e.m.c.i.l.LifecycleMappingFactory - Using org.eclipse.m2e.jdt.JarLifecycleMapping lifecycle mapping for MavenProject: com.learnvest:blazewater-anno:1.0-SNAPSHOT @ /Users/jmarshall/Documents/Development/blazewater/blazewater-commons/blazewater-anno/pom.xml.
2015-06-08 11:37:45,867 [Worker-4] INFO  o.e.m.c.i.p.ProjectConfigurationManager - Imported and configured 11 project(s) in 6 sec
2015-06-08 11:37:46,446 [Worker-0] INFO  o.e.m.c.i.l.LifecycleMappingFactory - Using org.eclipse.m2e.jdt.JarLifecycleMapping lifecycle mapping for MavenProject: com.learnvest:blazewater-delta:1.0-SNAPSHOT @ /Users/jmarshall/Documents/Development/blazewater/blazewater-commons/blazewater-delta/pom.xml.
2015-06-08 11:37:46,504 [Worker-0] INFO  o.e.m.c.i.l.LifecycleMappingFactory - Using org.eclipse.m2e.jdt.JarLifecycleMapping lifecycle mapping for MavenProject: com.learnvest:blazewater-util:1.0-SNAPSHOT @ /Users/jmarshall/Documents/Development/blazewater/blazewater-commons/blazewater-util/pom.xml.
2015-06-08 11:37:46,561 [Worker-0] INFO  o.e.m.c.i.l.LifecycleMappingFactory - Using org.eclipse.m2e.jdt.JarLifecycleMapping lifecycle mapping for MavenProject: com.learnvest:blazewater-gson:1.0-SNAPSHOT @ /Users/jmarshall/Documents/Development/blazewater/blazewater-commons/blazewater-gson/pom.xml.
2015-06-08 11:37:46,619 [Worker-0] INFO  o.e.m.c.i.l.LifecycleMappingFactory - Using org.eclipse.m2e.jdt.JarLifecycleMapping lifecycle mapping for MavenProject: com.learnvest:blazewater-time:1.0-SNAPSHOT @ /Users/jmarshall/Documents/Development/blazewater/blazewater-commons/blazewater-time/pom.xml.
2015-06-08 11:37:47,221 [Worker-0] INFO  o.e.m.c.i.l.LifecycleMappingFactory - Using org.eclipse.m2e.jdt.JarLifecycleMapping lifecycle mapping for MavenProject: com.learnvest:blazewater-dto:1.0-SNAPSHOT @ /Users/jmarshall/Documents/Development/blazewater/blazewater-dto/pom.xml.
2015-06-08 11:37:47,284 [Worker-0] INFO  o.e.m.c.i.l.LifecycleMappingFactory - Using org.eclipse.m2e.jdt.JarLifecycleMapping lifecycle mapping for MavenProject: com.learnvest:blazewater-local:1.0-SNAPSHOT @ /Users/jmarshall/Documents/Development/blazewater/blazewater-local/pom.xml.
2015-06-08 11:37:47,400 [Worker-0] INFO  o.e.m.c.i.l.LifecycleMappingFactory - Using org.eclipse.m2e.jdt.JarLifecycleMapping lifecycle mapping for MavenProject: com.learnvest:blazewater-output-conversion:1.0-SNAPSHOT @ /Users/jmarshall/Documents/Development/blazewater/blazewater-output-conversion/pom.xml.
2015-06-08 11:37:47,433 [Worker-0] WARN  o.e.m.c.i.embedder.EclipseLogger - The artifact org.apache.commons:commons-io:jar:1.3.2 has been relocated to commons-io:commons-io:jar:1.3.2
2015-06-08 11:37:48,043 [Worker-0] INFO  o.e.m.c.i.l.LifecycleMappingFactory - Using NULL lifecycle mapping for MavenProject: com.learnvest:blazewater-bay:1.0-SNAPSHOT @ /Users/jmarshall/Documents/Development/blazewater/pom.xml.
2015-06-08 11:37:48,045 [Worker-0] INFO  o.e.m.c.i.l.LifecycleMappingFactory - Using NULL lifecycle mapping for MavenProject: com.learnvest:blazewater-commons:1.0-SNAPSHOT @ /Users/jmarshall/Documents/Development/blazewater/blazewater-commons/pom.xml.
2015-06-08 11:37:48,096 [Worker-0] INFO  o.e.m.c.i.l.LifecycleMappingFactory - Using org.eclipse.m2e.jdt.JarLifecycleMapping lifecycle mapping for MavenProject: com.learnvest:blazewater-core:1.0-SNAPSHOT @ /Users/jmarshall/Documents/Development/blazewater/blazewater-core/pom.xml.
2015-06-08 11:37:48,263 [Worker-0] INFO  o.e.m.c.i.l.LifecycleMappingFactory - Using org.eclipse.m2e.jdt.JarLifecycleMapping lifecycle mapping for MavenProject: com.learnvest:blazewater-dto:1.0-SNAPSHOT @ /Users/jmarshall/Documents/Development/blazewater/blazewater-dto/pom.xml.
2015-06-08 11:37:48,275 [Worker-4] INFO  o.e.m.c.i.embedder.EclipseLogger - Using 'UTF-8' encoding to copy filtered resources.
2015-06-08 11:37:48,275 [Worker-4] INFO  o.e.m.c.i.embedder.EclipseLogger - skip non existing resourceDirectory /Users/jmarshall/Documents/Development/blazewater/blazewater-commons/blazewater-anno/src/main/resources
2015-06-08 11:37:48,280 [Worker-4] INFO  o.e.m.c.i.embedder.EclipseLogger - Using 'UTF-8' encoding to copy filtered resources.
2015-06-08 11:37:48,280 [Worker-4] INFO  o.e.m.c.i.embedder.EclipseLogger - skip non existing resourceDirectory /Users/jmarshall/Documents/Development/blazewater/blazewater-commons/blazewater-anno/src/test/resources
2015-06-08 11:37:48,299 [Worker-0] INFO  o.e.m.c.i.l.LifecycleMappingFactory - Using org.eclipse.m2e.jdt.JarLifecycleMapping lifecycle mapping for MavenProject: com.learnvest:blazewater-local:1.0-SNAPSHOT @ /Users/jmarshall/Documents/Development/blazewater/blazewater-local/pom.xml.
2015-06-08 11:37:48,477 [Worker-0] INFO  o.e.m.c.i.l.LifecycleMappingFactory - Using org.eclipse.m2e.jdt.JarLifecycleMapping lifecycle mapping for MavenProject: com.learnvest:blazewater-output-conversion:1.0-SNAPSHOT @ /Users/jmarshall/Documents/Development/blazewater/blazewater-output-conversion/pom.xml.
2015-06-08 11:37:48,479 [Worker-0] WARN  o.e.m.c.i.embedder.EclipseLogger - The artifact org.apache.commons:commons-io:jar:1.3.2 has been relocated to commons-io:commons-io:jar:1.3.2
2015-06-08 11:37:48,531 [Worker-0] INFO  o.e.m.c.i.l.LifecycleMappingFactory - Using org.eclipse.m2e.jdt.JarLifecycleMapping lifecycle mapping for MavenProject: com.learnvest:blazewater-anno:1.0-SNAPSHOT @ /Users/jmarshall/Documents/Development/blazewater/blazewater-commons/blazewater-anno/pom.xml.
2015-06-08 11:37:48,552 [Worker-0] INFO  o.e.m.c.i.l.LifecycleMappingFactory - Using org.eclipse.m2e.jdt.JarLifecycleMapping lifecycle mapping for MavenProject: com.learnvest:blazewater-delta:1.0-SNAPSHOT @ /Users/jmarshall/Documents/Development/blazewater/blazewater-commons/blazewater-delta/pom.xml.
2015-06-08 11:37:48,632 [Worker-0] INFO  o.e.m.c.i.l.LifecycleMappingFactory - Using org.eclipse.m2e.jdt.JarLifecycleMapping lifecycle mapping for MavenProject: com.learnvest:blazewater-util:1.0-SNAPSHOT @ /Users/jmarshall/Documents/Development/blazewater/blazewater-commons/blazewater-util/pom.xml.
2015-06-08 11:37:48,688 [Worker-0] INFO  o.e.m.c.i.l.LifecycleMappingFactory - Using org.eclipse.m2e.jdt.JarLifecycleMapping lifecycle mapping for MavenProject: com.learnvest:blazewater-gson:1.0-SNAPSHOT @ /Users/jmarshall/Documents/Development/blazewater/blazewater-commons/blazewater-gson/pom.xml.
2015-06-08 11:37:48,739 [Worker-0] INFO  o.e.m.c.i.l.LifecycleMappingFactory - Using org.eclipse.m2e.jdt.JarLifecycleMapping lifecycle mapping for MavenProject: com.learnvest:blazewater-time:1.0-SNAPSHOT @ /Users/jmarshall/Documents/Development/blazewater/blazewater-commons/blazewater-time/pom.xml.
2015-06-08 11:37:48,817 [Worker-4] INFO  o.e.m.c.i.embedder.EclipseLogger - Using 'UTF-8' encoding to copy filtered resources.
2015-06-08 11:37:48,817 [Worker-4] INFO  o.e.m.c.i.embedder.EclipseLogger - skip non existing resourceDirectory /Users/jmarshall/Documents/Development/blazewater/blazewater-commons/blazewater-time/src/main/resources
2015-06-08 11:37:48,818 [Worker-4] INFO  o.e.m.c.i.embedder.EclipseLogger - Using 'UTF-8' encoding to copy filtered resources.
2015-06-08 11:37:48,819 [Worker-4] INFO  o.e.m.c.i.embedder.EclipseLogger - skip non existing resourceDirectory /Users/jmarshall/Documents/Development/blazewater/blazewater-commons/blazewater-time/src/test/resources
2015-06-08 11:37:48,854 [Worker-0] INFO  o.e.m.c.i.l.LifecycleMappingFactory - Using NULL lifecycle mapping for MavenProject: com.learnvest:blazewater-commons:1.0-SNAPSHOT @ /Users/jmarshall/Documents/Development/blazewater/blazewater-commons/pom.xml.
2015-06-08 11:37:48,880 [Worker-0] INFO  o.e.m.c.i.l.LifecycleMappingFactory - Using org.eclipse.m2e.jdt.JarLifecycleMapping lifecycle mapping for MavenProject: com.learnvest:blazewater-delta:1.0-SNAPSHOT @ /Users/jmarshall/Documents/Development/blazewater/blazewater-commons/blazewater-delta/pom.xml.
2015-06-08 11:37:48,930 [Worker-0] INFO  o.e.m.c.i.l.LifecycleMappingFactory - Using org.eclipse.m2e.jdt.JarLifecycleMapping lifecycle mapping for MavenProject: com.learnvest:blazewater-gson:1.0-SNAPSHOT @ /Users/jmarshall/Documents/Development/blazewater/blazewater-commons/blazewater-gson/pom.xml.
2015-06-08 11:37:48,981 [Worker-0] INFO  o.e.m.c.i.l.LifecycleMappingFactory - Using org.eclipse.m2e.jdt.JarLifecycleMapping lifecycle mapping for MavenProject: com.learnvest:blazewater-util:1.0-SNAPSHOT @ /Users/jmarshall/Documents/Development/blazewater/blazewater-commons/blazewater-util/pom.xml.
2015-06-08 11:37:49,061 [Worker-0] INFO  o.e.m.c.i.l.LifecycleMappingFactory - Using org.eclipse.m2e.jdt.JarLifecycleMapping lifecycle mapping for MavenProject: com.learnvest:blazewater-time:1.0-SNAPSHOT @ /Users/jmarshall/Documents/Development/blazewater/blazewater-commons/blazewater-time/pom.xml.
2015-06-08 11:37:49,102 [Worker-0] INFO  o.e.m.c.i.l.LifecycleMappingFactory - Using org.eclipse.m2e.jdt.JarLifecycleMapping lifecycle mapping for MavenProject: com.learnvest:blazewater-anno:1.0-SNAPSHOT @ /Users/jmarshall/Documents/Development/blazewater/blazewater-commons/blazewater-anno/pom.xml.
2015-06-08 11:37:49,368 [Worker-4] INFO  o.e.m.c.i.embedder.EclipseLogger - Using 'UTF-8' encoding to copy filtered resources.
2015-06-08 11:37:49,368 [Worker-4] INFO  o.e.m.c.i.embedder.EclipseLogger - skip non existing resourceDirectory /Users/jmarshall/Documents/Development/blazewater/blazewater-commons/blazewater-util/src/main/resources
2015-06-08 11:37:49,369 [Worker-4] INFO  o.e.m.c.i.embedder.EclipseLogger - Using 'UTF-8' encoding to copy filtered resources.
2015-06-08 11:37:49,369 [Worker-4] INFO  o.e.m.c.i.embedder.EclipseLogger - skip non existing resourceDirectory /Users/jmarshall/Documents/Development/blazewater/blazewater-commons/blazewater-util/src/test/resources
2015-06-08 11:37:50,219 [Worker-4] INFO  o.e.m.c.i.embedder.EclipseLogger - Using 'UTF-8' encoding to copy filtered resources.
2015-06-08 11:37:50,219 [Worker-4] INFO  o.e.m.c.i.embedder.EclipseLogger - skip non existing resourceDirectory /Users/jmarshall/Documents/Development/blazewater/blazewater-commons/blazewater-delta/src/main/resources
2015-06-08 11:37:50,221 [Worker-4] INFO  o.e.m.c.i.embedder.EclipseLogger - Using 'UTF-8' encoding to copy filtered resources.
2015-06-08 11:37:50,221 [Worker-4] INFO  o.e.m.c.i.embedder.EclipseLogger - skip non existing resourceDirectory /Users/jmarshall/Documents/Development/blazewater/blazewater-commons/blazewater-delta/src/test/resources
2015-06-08 11:37:51,320 [Worker-4] INFO  o.e.m.c.i.embedder.EclipseLogger - Using 'UTF-8' encoding to copy filtered resources.
2015-06-08 11:37:51,320 [Worker-4] INFO  o.e.m.c.i.embedder.EclipseLogger - skip non existing resourceDirectory /Users/jmarshall/Documents/Development/blazewater/blazewater-dto/src/main/resources
2015-06-08 11:37:51,322 [Worker-4] INFO  o.e.m.c.i.embedder.EclipseLogger - Using 'UTF-8' encoding to copy filtered resources.
2015-06-08 11:37:51,322 [Worker-4] INFO  o.e.m.c.i.embedder.EclipseLogger - skip non existing resourceDirectory /Users/jmarshall/Documents/Development/blazewater/blazewater-dto/src/test/resources
2015-06-08 11:37:51,609 [Worker-4] WARN  o.e.m.c.i.embedder.EclipseLogger - The artifact org.apache.commons:commons-io:jar:1.3.2 has been relocated to commons-io:commons-io:jar:1.3.2
2015-06-08 11:37:51,637 [Worker-4] WARN  o.e.m.c.i.embedder.EclipseLogger - Using platform encoding (UTF-8 actually) to copy filtered resources, i.e. build is platform dependent!
2015-06-08 11:37:51,637 [Worker-4] INFO  o.e.m.c.i.embedder.EclipseLogger - skip non existing resourceDirectory /Users/jmarshall/Documents/Development/blazewater/blazewater-output-conversion/src/main/resources
2015-06-08 11:37:51,639 [Worker-4] WARN  o.e.m.c.i.embedder.EclipseLogger - Using platform encoding (UTF-8 actually) to copy filtered resources, i.e. build is platform dependent!
2015-06-08 11:37:51,640 [Worker-4] INFO  o.e.m.c.i.embedder.EclipseLogger - skip non existing resourceDirectory /Users/jmarshall/Documents/Development/blazewater/blazewater-output-conversion/src/test/resources
2015-06-08 11:37:52,046 [Worker-4] INFO  o.e.m.c.i.embedder.EclipseLogger - Using 'UTF-8' encoding to copy filtered resources.
2015-06-08 11:37:52,047 [Worker-4] INFO  o.e.m.c.i.embedder.EclipseLogger - skip non existing resourceDirectory /Users/jmarshall/Documents/Development/blazewater/blazewater-commons/blazewater-gson/src/main/resources
2015-06-08 11:37:52,048 [Worker-4] INFO  o.e.m.c.i.embedder.EclipseLogger - Using 'UTF-8' encoding to copy filtered resources.
2015-06-08 11:37:52,048 [Worker-4] INFO  o.e.m.c.i.embedder.EclipseLogger - skip non existing resourceDirectory /Users/jmarshall/Documents/Development/blazewater/blazewater-commons/blazewater-gson/src/test/resources
2015-06-08 11:37:54,914 [Worker-4] INFO  o.e.m.c.i.embedder.EclipseLogger - Using 'UTF-8' encoding to copy filtered resources.
2015-06-08 11:37:54,924 [Worker-4] INFO  o.e.m.c.i.embedder.EclipseLogger - Copying 12 resources
2015-06-08 11:37:54,966 [Worker-4] INFO  o.e.m.c.i.embedder.EclipseLogger - Using 'UTF-8' encoding to copy filtered resources.
2015-06-08 11:37:54,966 [Worker-4] INFO  o.e.m.c.i.embedder.EclipseLogger - skip non existing resourceDirectory /Users/jmarshall/Documents/Development/blazewater/blazewater-core/src/test/resources
2015-06-08 11:37:56,226 [Worker-6] INFO  o.e.m.c.i.embedder.EclipseLogger - Using 'UTF-8' encoding to copy filtered resources.
2015-06-08 11:37:56,226 [Worker-6] INFO  o.e.m.c.i.embedder.EclipseLogger - skip non existing resourceDirectory /Users/jmarshall/Documents/Development/blazewater/blazewater-commons/blazewater-anno/src/main/resources
2015-06-08 11:37:56,228 [Worker-6] INFO  o.e.m.c.i.embedder.EclipseLogger - Using 'UTF-8' encoding to copy filtered resources.
2015-06-08 11:37:56,228 [Worker-6] INFO  o.e.m.c.i.embedder.EclipseLogger - skip non existing resourceDirectory /Users/jmarshall/Documents/Development/blazewater/blazewater-commons/blazewater-anno/src/test/resources
2015-06-08 11:37:56,260 [Worker-6] INFO  o.e.m.c.i.embedder.EclipseLogger - Using 'UTF-8' encoding to copy filtered resources.
2015-06-08 11:37:56,261 [Worker-6] INFO  o.e.m.c.i.embedder.EclipseLogger - skip non existing resourceDirectory /Users/jmarshall/Documents/Development/blazewater/blazewater-commons/blazewater-time/src/main/resources
2015-06-08 11:37:56,262 [Worker-6] INFO  o.e.m.c.i.embedder.EclipseLogger - Using 'UTF-8' encoding to copy filtered resources.
2015-06-08 11:37:56,262 [Worker-6] INFO  o.e.m.c.i.embedder.EclipseLogger - skip non existing resourceDirectory /Users/jmarshall/Documents/Development/blazewater/blazewater-commons/blazewater-time/src/test/resources
2015-06-08 11:37:56,360 [Worker-6] INFO  o.e.m.c.i.embedder.EclipseLogger - Using 'UTF-8' encoding to copy filtered resources.
2015-06-08 11:37:56,360 [Worker-6] INFO  o.e.m.c.i.embedder.EclipseLogger - skip non existing resourceDirectory /Users/jmarshall/Documents/Development/blazewater/blazewater-commons/blazewater-util/src/main/resources
2015-06-08 11:37:56,362 [Worker-6] INFO  o.e.m.c.i.embedder.EclipseLogger - Using 'UTF-8' encoding to copy filtered resources.
2015-06-08 11:37:56,362 [Worker-6] INFO  o.e.m.c.i.embedder.EclipseLogger - skip non existing resourceDirectory /Users/jmarshall/Documents/Development/blazewater/blazewater-commons/blazewater-util/src/test/resources
2015-06-08 11:37:56,467 [Worker-6] INFO  o.e.m.c.i.embedder.EclipseLogger - Using 'UTF-8' encoding to copy filtered resources.
2015-06-08 11:37:56,467 [Worker-6] INFO  o.e.m.c.i.embedder.EclipseLogger - skip non existing resourceDirectory /Users/jmarshall/Documents/Development/blazewater/blazewater-commons/blazewater-delta/src/main/resources
2015-06-08 11:37:56,469 [Worker-6] INFO  o.e.m.c.i.embedder.EclipseLogger - Using 'UTF-8' encoding to copy filtered resources.
2015-06-08 11:37:56,469 [Worker-6] INFO  o.e.m.c.i.embedder.EclipseLogger - skip non existing resourceDirectory /Users/jmarshall/Documents/Development/blazewater/blazewater-commons/blazewater-delta/src/test/resources
2015-06-08 11:37:56,602 [Worker-6] INFO  o.e.m.c.i.embedder.EclipseLogger - Using 'UTF-8' encoding to copy filtered resources.
2015-06-08 11:37:56,602 [Worker-6] INFO  o.e.m.c.i.embedder.EclipseLogger - skip non existing resourceDirectory /Users/jmarshall/Documents/Development/blazewater/blazewater-dto/src/main/resources
2015-06-08 11:37:56,603 [Worker-6] INFO  o.e.m.c.i.embedder.EclipseLogger - Using 'UTF-8' encoding to copy filtered resources.
2015-06-08 11:37:56,604 [Worker-6] INFO  o.e.m.c.i.embedder.EclipseLogger - skip non existing resourceDirectory /Users/jmarshall/Documents/Development/blazewater/blazewater-dto/src/test/resources
2015-06-08 11:37:56,726 [Worker-6] WARN  o.e.m.c.i.embedder.EclipseLogger - The artifact org.apache.commons:commons-io:jar:1.3.2 has been relocated to commons-io:commons-io:jar:1.3.2
2015-06-08 11:37:56,746 [Worker-6] WARN  o.e.m.c.i.embedder.EclipseLogger - Using platform encoding (UTF-8 actually) to copy filtered resources, i.e. build is platform dependent!
2015-06-08 11:37:56,747 [Worker-6] INFO  o.e.m.c.i.embedder.EclipseLogger - skip non existing resourceDirectory /Users/jmarshall/Documents/Development/blazewater/blazewater-output-conversion/src/main/resources
2015-06-08 11:37:56,748 [Worker-6] WARN  o.e.m.c.i.embedder.EclipseLogger - Using platform encoding (UTF-8 actually) to copy filtered resources, i.e. build is platform dependent!
2015-06-08 11:37:56,748 [Worker-6] INFO  o.e.m.c.i.embedder.EclipseLogger - skip non existing resourceDirectory /Users/jmarshall/Documents/Development/blazewater/blazewater-output-conversion/src/test/resources
2015-06-08 11:37:56,854 [Worker-6] INFO  o.e.m.c.i.embedder.EclipseLogger - Using 'UTF-8' encoding to copy filtered resources.
2015-06-08 11:37:56,854 [Worker-6] INFO  o.e.m.c.i.embedder.EclipseLogger - skip non existing resourceDirectory /Users/jmarshall/Documents/Development/blazewater/blazewater-commons/blazewater-gson/src/main/resources
2015-06-08 11:37:56,855 [Worker-6] INFO  o.e.m.c.i.embedder.EclipseLogger - Using 'UTF-8' encoding to copy filtered resources.
2015-06-08 11:37:56,855 [Worker-6] INFO  o.e.m.c.i.embedder.EclipseLogger - skip non existing resourceDirectory /Users/jmarshall/Documents/Development/blazewater/blazewater-commons/blazewater-gson/src/test/resources
2015-06-08 11:37:57,407 [Worker-6] INFO  o.e.m.c.i.embedder.EclipseLogger - Using 'UTF-8' encoding to copy filtered resources.
2015-06-08 11:37:57,413 [Worker-6] INFO  o.e.m.c.i.embedder.EclipseLogger - Copying 0 resource
2015-06-08 11:37:57,415 [Worker-6] INFO  o.e.m.c.i.embedder.EclipseLogger - Using 'UTF-8' encoding to copy filtered resources.
2015-06-08 11:37:57,415 [Worker-6] INFO  o.e.m.c.i.embedder.EclipseLogger - skip non existing resourceDirectory /Users/jmarshall/Documents/Development/blazewater/blazewater-core/src/test/resources
2015-06-08 11:37:57,915 [Worker-6] INFO  o.e.m.c.i.embedder.EclipseLogger - Using 'UTF-8' encoding to copy filtered resources.
2015-06-08 11:37:57,916 [Worker-6] INFO  o.e.m.c.i.embedder.EclipseLogger - skip non existing resourceDirectory /Users/jmarshall/Documents/Development/blazewater/blazewater-local/src/main/resources
2015-06-08 11:37:57,917 [Worker-6] INFO  o.e.m.c.i.embedder.EclipseLogger - Using 'UTF-8' encoding to copy filtered resources.
2015-06-08 11:37:57,920 [Worker-6] INFO  o.e.m.c.i.embedder.EclipseLogger - Copying 193 resources
2015-06-08 11:45:10,212 [Worker-0] INFO  o.e.m.c.i.embedder.EclipseLogger - Using 'UTF-8' encoding to copy filtered resources.
2015-06-08 11:45:10,212 [Worker-0] INFO  o.e.m.c.i.embedder.EclipseLogger - skip non existing resourceDirectory /Users/jmarshall/Documents/Development/blazewater/blazewater-commons/blazewater-anno/src/main/resources
2015-06-08 11:45:10,214 [Worker-0] INFO  o.e.m.c.i.embedder.EclipseLogger - Using 'UTF-8' encoding to copy filtered resources.
2015-06-08 11:45:10,214 [Worker-0] INFO  o.e.m.c.i.embedder.EclipseLogger - skip non existing resourceDirectory /Users/jmarshall/Documents/Development/blazewater/blazewater-commons/blazewater-anno/src/test/resources
2015-06-08 11:45:10,238 [Worker-0] INFO  o.e.m.c.i.embedder.EclipseLogger - Using 'UTF-8' encoding to copy filtered resources.
2015-06-08 11:45:10,239 [Worker-0] INFO  o.e.m.c.i.embedder.EclipseLogger - skip non existing resourceDirectory /Users/jmarshall/Documents/Development/blazewater/blazewater-commons/blazewater-time/src/main/resources
2015-06-08 11:45:10,240 [Worker-0] INFO  o.e.m.c.i.embedder.EclipseLogger - Using 'UTF-8' encoding to copy filtered resources.
2015-06-08 11:45:10,240 [Worker-0] INFO  o.e.m.c.i.embedder.EclipseLogger - skip non existing resourceDirectory /Users/jmarshall/Documents/Development/blazewater/blazewater-commons/blazewater-time/src/test/resources
2015-06-08 11:45:10,325 [Worker-0] INFO  o.e.m.c.i.embedder.EclipseLogger - Using 'UTF-8' encoding to copy filtered resources.
2015-06-08 11:45:10,325 [Worker-0] INFO  o.e.m.c.i.embedder.EclipseLogger - skip non existing resourceDirectory /Users/jmarshall/Documents/Development/blazewater/blazewater-commons/blazewater-util/src/main/resources
2015-06-08 11:45:10,326 [Worker-0] INFO  o.e.m.c.i.embedder.EclipseLogger - Using 'UTF-8' encoding to copy filtered resources.
2015-06-08 11:45:10,327 [Worker-0] INFO  o.e.m.c.i.embedder.EclipseLogger - skip non existing resourceDirectory /Users/jmarshall/Documents/Development/blazewater/blazewater-commons/blazewater-util/src/test/resources
2015-06-08 11:45:10,419 [Worker-0] INFO  o.e.m.c.i.embedder.EclipseLogger - Using 'UTF-8' encoding to copy filtered resources.
2015-06-08 11:45:10,419 [Worker-0] INFO  o.e.m.c.i.embedder.EclipseLogger - skip non existing resourceDirectory /Users/jmarshall/Documents/Development/blazewater/blazewater-commons/blazewater-delta/src/main/resources
2015-06-08 11:45:10,420 [Worker-0] INFO  o.e.m.c.i.embedder.EclipseLogger - Using 'UTF-8' encoding to copy filtered resources.
2015-06-08 11:45:10,420 [Worker-0] INFO  o.e.m.c.i.embedder.EclipseLogger - skip non existing resourceDirectory /Users/jmarshall/Documents/Development/blazewater/blazewater-commons/blazewater-delta/src/test/resources
2015-06-08 11:45:10,523 [Worker-0] INFO  o.e.m.c.i.embedder.EclipseLogger - Using 'UTF-8' encoding to copy filtered resources.
2015-06-08 11:45:10,524 [Worker-0] INFO  o.e.m.c.i.embedder.EclipseLogger - skip non existing resourceDirectory /Users/jmarshall/Documents/Development/blazewater/blazewater-dto/src/main/resources
2015-06-08 11:45:10,524 [Worker-0] INFO  o.e.m.c.i.embedder.EclipseLogger - Using 'UTF-8' encoding to copy filtered resources.
2015-06-08 11:45:10,525 [Worker-0] INFO  o.e.m.c.i.embedder.EclipseLogger - skip non existing resourceDirectory /Users/jmarshall/Documents/Development/blazewater/blazewater-dto/src/test/resources
2015-06-08 11:45:10,652 [Worker-0] WARN  o.e.m.c.i.embedder.EclipseLogger - The artifact org.apache.commons:commons-io:jar:1.3.2 has been relocated to commons-io:commons-io:jar:1.3.2
2015-06-08 11:45:10,670 [Worker-0] WARN  o.e.m.c.i.embedder.EclipseLogger - Using platform encoding (UTF-8 actually) to copy filtered resources, i.e. build is platform dependent!
2015-06-08 11:45:10,671 [Worker-0] INFO  o.e.m.c.i.embedder.EclipseLogger - skip non existing resourceDirectory /Users/jmarshall/Documents/Development/blazewater/blazewater-output-conversion/src/main/resources
2015-06-08 11:45:10,672 [Worker-0] WARN  o.e.m.c.i.embedder.EclipseLogger - Using platform encoding (UTF-8 actually) to copy filtered resources, i.e. build is platform dependent!
2015-06-08 11:45:10,673 [Worker-0] INFO  o.e.m.c.i.embedder.EclipseLogger - skip non existing resourceDirectory /Users/jmarshall/Documents/Development/blazewater/blazewater-output-conversion/src/test/resources
2015-06-08 11:45:10,789 [Worker-0] INFO  o.e.m.c.i.embedder.EclipseLogger - Using 'UTF-8' encoding to copy filtered resources.
2015-06-08 11:45:10,790 [Worker-0] INFO  o.e.m.c.i.embedder.EclipseLogger - skip non existing resourceDirectory /Users/jmarshall/Documents/Development/blazewater/blazewater-commons/blazewater-gson/src/main/resources
2015-06-08 11:45:10,791 [Worker-0] INFO  o.e.m.c.i.embedder.EclipseLogger - Using 'UTF-8' encoding to copy filtered resources.
2015-06-08 11:45:10,791 [Worker-0] INFO  o.e.m.c.i.embedder.EclipseLogger - skip non existing resourceDirectory /Users/jmarshall/Documents/Development/blazewater/blazewater-commons/blazewater-gson/src/test/resources
2015-06-08 11:45:11,475 [Worker-0] INFO  o.e.m.c.i.embedder.EclipseLogger - Using 'UTF-8' encoding to copy filtered resources.
2015-06-08 11:45:11,475 [Worker-0] INFO  o.e.m.c.i.embedder.EclipseLogger - Copying 0 resource
2015-06-08 11:45:11,476 [Worker-0] INFO  o.e.m.c.i.embedder.EclipseLogger - Using 'UTF-8' encoding to copy filtered resources.
2015-06-08 11:45:11,476 [Worker-0] INFO  o.e.m.c.i.embedder.EclipseLogger - skip non existing resourceDirectory /Users/jmarshall/Documents/Development/blazewater/blazewater-core/src/test/resources
2015-06-08 11:45:12,142 [Worker-0] INFO  o.e.m.c.i.embedder.EclipseLogger - Using 'UTF-8' encoding to copy filtered resources.
2015-06-08 11:45:12,142 [Worker-0] INFO  o.e.m.c.i.embedder.EclipseLogger - skip non existing resourceDirectory /Users/jmarshall/Documents/Development/blazewater/blazewater-local/src/main/resources
2015-06-08 11:45:12,143 [Worker-0] INFO  o.e.m.c.i.embedder.EclipseLogger - Using 'UTF-8' encoding to copy filtered resources.
2015-06-08 11:45:12,143 [Worker-0] INFO  o.e.m.c.i.embedder.EclipseLogger - Copying 0 resource
2015-06-09 13:16:50,906 [Worker-1] INFO  o.e.m.c.i.l.LifecycleMappingFactory - Using NULL lifecycle mapping for MavenProject: com.learnvest:blazewater-bay:1.0-SNAPSHOT @ /Users/jmarshall/Documents/Development/blazewater/pom.xml.
2015-06-09 13:16:51,845 [Worker-0] INFO  o.e.m.c.i.l.LifecycleMappingFactory - Using NULL lifecycle mapping for MavenProject: com.learnvest:blazewater-bay:1.0-SNAPSHOT @ /Users/jmarshall/Documents/Development/blazewater/pom.xml.
2015-06-09 13:16:52,744 [Worker-0] INFO  o.e.m.c.i.l.LifecycleMappingFactory - Using org.eclipse.m2e.jdt.JarLifecycleMapping lifecycle mapping for MavenProject: com.learnvest:blazewater-anno:1.0-SNAPSHOT @ /Users/jmarshall/Documents/Development/blazewater/blazewater-commons/blazewater-anno/pom.xml.
2015-06-09 13:16:52,778 [Worker-0] INFO  o.e.m.c.i.l.LifecycleMappingFactory - Using NULL lifecycle mapping for MavenProject: com.learnvest:blazewater-commons:1.0-SNAPSHOT @ /Users/jmarshall/Documents/Development/blazewater/blazewater-commons/pom.xml.
2015-06-09 13:16:52,809 [Worker-0] INFO  o.e.m.c.i.l.LifecycleMappingFactory - Using org.eclipse.m2e.jdt.JarLifecycleMapping lifecycle mapping for MavenProject: com.learnvest:blazewater-core:1.0-SNAPSHOT @ /Users/jmarshall/Documents/Development/blazewater/blazewater-core/pom.xml.
2015-06-09 13:16:53,377 [Worker-5] INFO  o.e.m.c.i.l.LifecycleMappingFactory - Using org.eclipse.m2e.jdt.JarLifecycleMapping lifecycle mapping for MavenProject: com.learnvest:blazewater-anno:1.0-SNAPSHOT @ /Users/jmarshall/Documents/Development/blazewater/blazewater-commons/blazewater-anno/pom.xml.
2015-06-09 13:16:53,945 [Worker-5] INFO  o.e.m.c.i.embedder.EclipseLogger - Using 'UTF-8' encoding to copy filtered resources.
2015-06-09 13:16:53,945 [Worker-5] INFO  o.e.m.c.i.embedder.EclipseLogger - skip non existing resourceDirectory /Users/jmarshall/Documents/Development/blazewater/blazewater-commons/blazewater-anno/src/main/resources
2015-06-09 13:16:53,991 [Worker-5] INFO  o.e.m.c.i.embedder.EclipseLogger - Using 'UTF-8' encoding to copy filtered resources.
2015-06-09 13:16:53,991 [Worker-5] INFO  o.e.m.c.i.embedder.EclipseLogger - skip non existing resourceDirectory /Users/jmarshall/Documents/Development/blazewater/blazewater-commons/blazewater-anno/src/test/resources
2015-06-09 13:16:54,023 [Worker-5] INFO  o.e.m.c.i.l.LifecycleMappingFactory - Using NULL lifecycle mapping for MavenProject: com.learnvest:blazewater-commons:1.0-SNAPSHOT @ /Users/jmarshall/Documents/Development/blazewater/blazewater-commons/pom.xml.
2015-06-09 13:16:54,048 [Worker-5] INFO  o.e.m.c.i.l.LifecycleMappingFactory - Using org.eclipse.m2e.jdt.JarLifecycleMapping lifecycle mapping for MavenProject: com.learnvest:blazewater-anno:1.0-SNAPSHOT @ /Users/jmarshall/Documents/Development/blazewater/blazewater-commons/blazewater-anno/pom.xml.
2015-06-09 13:16:54,616 [Worker-5] INFO  o.e.m.c.i.l.LifecycleMappingFactory - Using org.eclipse.m2e.jdt.JarLifecycleMapping lifecycle mapping for MavenProject: com.learnvest:blazewater-time:1.0-SNAPSHOT @ /Users/jmarshall/Documents/Development/blazewater/blazewater-commons/blazewater-time/pom.xml.
2015-06-09 13:16:54,661 [Worker-5] INFO  o.e.m.c.i.embedder.EclipseLogger - Using 'UTF-8' encoding to copy filtered resources.
2015-06-09 13:16:54,662 [Worker-5] INFO  o.e.m.c.i.embedder.EclipseLogger - skip non existing resourceDirectory /Users/jmarshall/Documents/Development/blazewater/blazewater-commons/blazewater-time/src/main/resources
2015-06-09 13:16:54,663 [Worker-5] INFO  o.e.m.c.i.embedder.EclipseLogger - Using 'UTF-8' encoding to copy filtered resources.
2015-06-09 13:16:54,663 [Worker-5] INFO  o.e.m.c.i.embedder.EclipseLogger - skip non existing resourceDirectory /Users/jmarshall/Documents/Development/blazewater/blazewater-commons/blazewater-time/src/test/resources
2015-06-09 13:16:55,169 [Worker-5] INFO  o.e.m.c.i.l.LifecycleMappingFactory - Using org.eclipse.m2e.jdt.JarLifecycleMapping lifecycle mapping for MavenProject: com.learnvest:blazewater-util:1.0-SNAPSHOT @ /Users/jmarshall/Documents/Development/blazewater/blazewater-commons/blazewater-util/pom.xml.
2015-06-09 13:16:55,412 [Worker-5] INFO  o.e.m.c.i.embedder.EclipseLogger - Using 'UTF-8' encoding to copy filtered resources.
2015-06-09 13:16:55,413 [Worker-5] INFO  o.e.m.c.i.embedder.EclipseLogger - skip non existing resourceDirectory /Users/jmarshall/Documents/Development/blazewater/blazewater-commons/blazewater-util/src/main/resources
2015-06-09 13:16:55,414 [Worker-5] INFO  o.e.m.c.i.embedder.EclipseLogger - Using 'UTF-8' encoding to copy filtered resources.
2015-06-09 13:16:55,415 [Worker-5] INFO  o.e.m.c.i.embedder.EclipseLogger - skip non existing resourceDirectory /Users/jmarshall/Documents/Development/blazewater/blazewater-commons/blazewater-util/src/test/resources
2015-06-09 13:16:56,118 [Worker-5] INFO  o.e.m.c.i.l.LifecycleMappingFactory - Using org.eclipse.m2e.jdt.JarLifecycleMapping lifecycle mapping for MavenProject: com.learnvest:blazewater-delta:1.0-SNAPSHOT @ /Users/jmarshall/Documents/Development/blazewater/blazewater-commons/blazewater-delta/pom.xml.
2015-06-09 13:16:56,385 [Worker-5] INFO  o.e.m.c.i.embedder.EclipseLogger - Using 'UTF-8' encoding to copy filtered resources.
2015-06-09 13:16:56,385 [Worker-5] INFO  o.e.m.c.i.embedder.EclipseLogger - skip non existing resourceDirectory /Users/jmarshall/Documents/Development/blazewater/blazewater-commons/blazewater-delta/src/main/resources
2015-06-09 13:16:56,387 [Worker-5] INFO  o.e.m.c.i.embedder.EclipseLogger - Using 'UTF-8' encoding to copy filtered resources.
2015-06-09 13:16:56,387 [Worker-5] INFO  o.e.m.c.i.embedder.EclipseLogger - skip non existing resourceDirectory /Users/jmarshall/Documents/Development/blazewater/blazewater-commons/blazewater-delta/src/test/resources
2015-06-09 13:16:56,627 [Worker-2] INFO  o.e.m.c.i.l.LifecycleMappingFactory - Using NULL lifecycle mapping for MavenProject: com.learnvest:blazewater-bay:1.0-SNAPSHOT @ /Users/jmarshall/Documents/Development/blazewater/pom.xml.
2015-06-09 13:16:56,673 [Worker-2] INFO  o.e.m.c.i.l.LifecycleMappingFactory - Using org.eclipse.m2e.jdt.JarLifecycleMapping lifecycle mapping for MavenProject: com.learnvest:blazewater-anno:1.0-SNAPSHOT @ /Users/jmarshall/Documents/Development/blazewater/blazewater-commons/blazewater-anno/pom.xml.
2015-06-09 13:16:56,687 [Worker-2] INFO  o.e.m.c.i.l.LifecycleMappingFactory - Using NULL lifecycle mapping for MavenProject: com.learnvest:blazewater-commons:1.0-SNAPSHOT @ /Users/jmarshall/Documents/Development/blazewater/blazewater-commons/pom.xml.
2015-06-09 13:16:56,725 [Worker-2] INFO  o.e.m.c.i.l.LifecycleMappingFactory - Using org.eclipse.m2e.jdt.JarLifecycleMapping lifecycle mapping for MavenProject: com.learnvest:blazewater-core:1.0-SNAPSHOT @ /Users/jmarshall/Documents/Development/blazewater/blazewater-core/pom.xml.
2015-06-09 13:16:58,059 [Worker-2] INFO  o.e.m.c.i.l.LifecycleMappingFactory - Using org.eclipse.m2e.jdt.JarLifecycleMapping lifecycle mapping for MavenProject: com.learnvest:blazewater-delta:1.0-SNAPSHOT @ /Users/jmarshall/Documents/Development/blazewater/blazewater-commons/blazewater-delta/pom.xml.
2015-06-09 13:16:58,112 [Worker-2] INFO  o.e.m.c.i.l.LifecycleMappingFactory - Using org.eclipse.m2e.jdt.JarLifecycleMapping lifecycle mapping for MavenProject: com.learnvest:blazewater-dto:1.0-SNAPSHOT @ /Users/jmarshall/Documents/Development/blazewater/blazewater-dto/pom.xml.
2015-06-09 13:16:58,151 [Worker-2] INFO  o.e.m.c.i.l.LifecycleMappingFactory - Using org.eclipse.m2e.jdt.JarLifecycleMapping lifecycle mapping for MavenProject: com.learnvest:blazewater-gson:1.0-SNAPSHOT @ /Users/jmarshall/Documents/Development/blazewater/blazewater-commons/blazewater-gson/pom.xml.
2015-06-09 13:16:58,219 [Worker-2] INFO  o.e.m.c.i.l.LifecycleMappingFactory - Using org.eclipse.m2e.jdt.JarLifecycleMapping lifecycle mapping for MavenProject: com.learnvest:blazewater-local:1.0-SNAPSHOT @ /Users/jmarshall/Documents/Development/blazewater/blazewater-local/pom.xml.
2015-06-09 13:16:58,691 [Worker-2] INFO  o.e.m.c.i.l.LifecycleMappingFactory - Using org.eclipse.m2e.jdt.JarLifecycleMapping lifecycle mapping for MavenProject: com.learnvest:blazewater-output-conversion:1.0-SNAPSHOT @ /Users/jmarshall/Documents/Development/blazewater/blazewater-output-conversion/pom.xml.
2015-06-09 13:16:58,693 [Worker-5] INFO  o.e.m.c.i.l.LifecycleMappingFactory - Using org.eclipse.m2e.jdt.JarLifecycleMapping lifecycle mapping for MavenProject: com.learnvest:blazewater-dto:1.0-SNAPSHOT @ /Users/jmarshall/Documents/Development/blazewater/blazewater-dto/pom.xml.
2015-06-09 13:16:58,738 [Worker-2] WARN  o.e.m.c.i.embedder.EclipseLogger - The artifact org.apache.commons:commons-io:jar:1.3.2 has been relocated to commons-io:commons-io:jar:1.3.2
2015-06-09 13:16:58,916 [Worker-5] INFO  o.e.m.c.i.embedder.EclipseLogger - Using 'UTF-8' encoding to copy filtered resources.
2015-06-09 13:16:58,916 [Worker-5] INFO  o.e.m.c.i.embedder.EclipseLogger - skip non existing resourceDirectory /Users/jmarshall/Documents/Development/blazewater/blazewater-dto/src/main/resources
2015-06-09 13:16:58,917 [Worker-5] INFO  o.e.m.c.i.embedder.EclipseLogger - Using 'UTF-8' encoding to copy filtered resources.
2015-06-09 13:16:58,917 [Worker-5] INFO  o.e.m.c.i.embedder.EclipseLogger - skip non existing resourceDirectory /Users/jmarshall/Documents/Development/blazewater/blazewater-dto/src/test/resources
2015-06-09 13:16:59,219 [Worker-5] INFO  o.e.m.c.i.l.LifecycleMappingFactory - Using org.eclipse.m2e.jdt.JarLifecycleMapping lifecycle mapping for MavenProject: com.learnvest:blazewater-output-conversion:1.0-SNAPSHOT @ /Users/jmarshall/Documents/Development/blazewater/blazewater-output-conversion/pom.xml.
2015-06-09 13:16:59,347 [Worker-5] WARN  o.e.m.c.i.embedder.EclipseLogger - The artifact org.apache.commons:commons-io:jar:1.3.2 has been relocated to commons-io:commons-io:jar:1.3.2
2015-06-09 13:16:59,628 [Worker-5] WARN  o.e.m.c.i.embedder.EclipseLogger - Using platform encoding (UTF-8 actually) to copy filtered resources, i.e. build is platform dependent!
2015-06-09 13:16:59,629 [Worker-5] INFO  o.e.m.c.i.embedder.EclipseLogger - skip non existing resourceDirectory /Users/jmarshall/Documents/Development/blazewater/blazewater-output-conversion/src/main/resources
2015-06-09 13:16:59,631 [Worker-5] WARN  o.e.m.c.i.embedder.EclipseLogger - Using platform encoding (UTF-8 actually) to copy filtered resources, i.e. build is platform dependent!
2015-06-09 13:16:59,631 [Worker-5] INFO  o.e.m.c.i.embedder.EclipseLogger - skip non existing resourceDirectory /Users/jmarshall/Documents/Development/blazewater/blazewater-output-conversion/src/test/resources
2015-06-09 13:16:59,997 [Worker-4] INFO  o.e.m.c.i.l.LifecycleMappingFactory - Using NULL lifecycle mapping for MavenProject: com.learnvest:blazewater-bay:1.0-SNAPSHOT @ /Users/jmarshall/Documents/Development/blazewater/pom.xml.
2015-06-09 13:17:00,054 [Worker-4] INFO  o.e.m.c.i.l.LifecycleMappingFactory - Using org.eclipse.m2e.jdt.JarLifecycleMapping lifecycle mapping for MavenProject: com.learnvest:blazewater-anno:1.0-SNAPSHOT @ /Users/jmarshall/Documents/Development/blazewater/blazewater-commons/blazewater-anno/pom.xml.
2015-06-09 13:17:00,064 [Worker-4] INFO  o.e.m.c.i.l.LifecycleMappingFactory - Using NULL lifecycle mapping for MavenProject: com.learnvest:blazewater-commons:1.0-SNAPSHOT @ /Users/jmarshall/Documents/Development/blazewater/blazewater-commons/pom.xml.
2015-06-09 13:17:00,096 [Worker-4] INFO  o.e.m.c.i.l.LifecycleMappingFactory - Using org.eclipse.m2e.jdt.JarLifecycleMapping lifecycle mapping for MavenProject: com.learnvest:blazewater-core:1.0-SNAPSHOT @ /Users/jmarshall/Documents/Development/blazewater/blazewater-core/pom.xml.
2015-06-09 13:17:00,200 [Worker-5] INFO  o.e.m.c.i.l.LifecycleMappingFactory - Using org.eclipse.m2e.jdt.JarLifecycleMapping lifecycle mapping for MavenProject: com.learnvest:blazewater-gson:1.0-SNAPSHOT @ /Users/jmarshall/Documents/Development/blazewater/blazewater-commons/blazewater-gson/pom.xml.
2015-06-09 13:17:00,448 [Worker-5] INFO  o.e.m.c.i.embedder.EclipseLogger - Using 'UTF-8' encoding to copy filtered resources.
2015-06-09 13:17:00,449 [Worker-5] INFO  o.e.m.c.i.embedder.EclipseLogger - skip non existing resourceDirectory /Users/jmarshall/Documents/Development/blazewater/blazewater-commons/blazewater-gson/src/main/resources
2015-06-09 13:17:00,452 [Worker-5] INFO  o.e.m.c.i.embedder.EclipseLogger - Using 'UTF-8' encoding to copy filtered resources.
2015-06-09 13:17:00,452 [Worker-5] INFO  o.e.m.c.i.embedder.EclipseLogger - skip non existing resourceDirectory /Users/jmarshall/Documents/Development/blazewater/blazewater-commons/blazewater-gson/src/test/resources
2015-06-09 13:17:02,348 [Worker-0] INFO  o.e.m.c.i.l.LifecycleMappingFactory - Using NULL lifecycle mapping for MavenProject: com.learnvest:blazewater-bay:1.0-SNAPSHOT @ /Users/jmarshall/Documents/Development/blazewater/pom.xml.
2015-06-09 13:17:02,369 [Worker-0] INFO  o.e.m.c.i.l.LifecycleMappingFactory - Using org.eclipse.m2e.jdt.JarLifecycleMapping lifecycle mapping for MavenProject: com.learnvest:blazewater-anno:1.0-SNAPSHOT @ /Users/jmarshall/Documents/Development/blazewater/blazewater-commons/blazewater-anno/pom.xml.
2015-06-09 13:17:02,381 [Worker-0] INFO  o.e.m.c.i.l.LifecycleMappingFactory - Using NULL lifecycle mapping for MavenProject: com.learnvest:blazewater-commons:1.0-SNAPSHOT @ /Users/jmarshall/Documents/Development/blazewater/blazewater-commons/pom.xml.
2015-06-09 13:17:02,400 [Worker-0] INFO  o.e.m.c.i.l.LifecycleMappingFactory - Using org.eclipse.m2e.jdt.JarLifecycleMapping lifecycle mapping for MavenProject: com.learnvest:blazewater-core:1.0-SNAPSHOT @ /Users/jmarshall/Documents/Development/blazewater/blazewater-core/pom.xml.
2015-06-09 13:17:03,439 [Worker-0] INFO  o.e.m.c.i.l.LifecycleMappingFactory - Using org.eclipse.m2e.jdt.JarLifecycleMapping lifecycle mapping for MavenProject: com.learnvest:blazewater-delta:1.0-SNAPSHOT @ /Users/jmarshall/Documents/Development/blazewater/blazewater-commons/blazewater-delta/pom.xml.
2015-06-09 13:17:03,497 [Worker-0] INFO  o.e.m.c.i.l.LifecycleMappingFactory - Using org.eclipse.m2e.jdt.JarLifecycleMapping lifecycle mapping for MavenProject: com.learnvest:blazewater-dto:1.0-SNAPSHOT @ /Users/jmarshall/Documents/Development/blazewater/blazewater-dto/pom.xml.
2015-06-09 13:17:03,535 [Worker-0] INFO  o.e.m.c.i.l.LifecycleMappingFactory - Using org.eclipse.m2e.jdt.JarLifecycleMapping lifecycle mapping for MavenProject: com.learnvest:blazewater-gson:1.0-SNAPSHOT @ /Users/jmarshall/Documents/Development/blazewater/blazewater-commons/blazewater-gson/pom.xml.
2015-06-09 13:17:03,950 [Worker-0] INFO  o.e.m.c.i.l.LifecycleMappingFactory - Using org.eclipse.m2e.jdt.JarLifecycleMapping lifecycle mapping for MavenProject: com.learnvest:blazewater-local:1.0-SNAPSHOT @ /Users/jmarshall/Documents/Development/blazewater/blazewater-local/pom.xml.
2015-06-09 13:17:04,014 [Worker-5] INFO  o.e.m.c.i.l.LifecycleMappingFactory - Using org.eclipse.m2e.jdt.JarLifecycleMapping lifecycle mapping for MavenProject: com.learnvest:blazewater-core:1.0-SNAPSHOT @ /Users/jmarshall/Documents/Development/blazewater/blazewater-core/pom.xml.
2015-06-09 13:17:04,671 [Worker-5] INFO  o.e.m.c.i.embedder.EclipseLogger - Using 'UTF-8' encoding to copy filtered resources.
2015-06-09 13:17:04,685 [Worker-5] INFO  o.e.m.c.i.embedder.EclipseLogger - Copying 12 resources
2015-06-09 13:17:04,721 [Worker-5] INFO  o.e.m.c.i.embedder.EclipseLogger - Using 'UTF-8' encoding to copy filtered resources.
2015-06-09 13:17:04,721 [Worker-5] INFO  o.e.m.c.i.embedder.EclipseLogger - skip non existing resourceDirectory /Users/jmarshall/Documents/Development/blazewater/blazewater-core/src/test/resources
2015-06-09 13:17:05,223 [Worker-8] INFO  o.e.m.c.i.l.LifecycleMappingFactory - Using NULL lifecycle mapping for MavenProject: com.learnvest:blazewater-bay:1.0-SNAPSHOT @ /Users/jmarshall/Documents/Development/blazewater/pom.xml.
2015-06-09 13:17:05,246 [Worker-8] INFO  o.e.m.c.i.l.LifecycleMappingFactory - Using org.eclipse.m2e.jdt.JarLifecycleMapping lifecycle mapping for MavenProject: com.learnvest:blazewater-anno:1.0-SNAPSHOT @ /Users/jmarshall/Documents/Development/blazewater/blazewater-commons/blazewater-anno/pom.xml.
2015-06-09 13:17:05,283 [Worker-8] INFO  o.e.m.c.i.l.LifecycleMappingFactory - Using NULL lifecycle mapping for MavenProject: com.learnvest:blazewater-commons:1.0-SNAPSHOT @ /Users/jmarshall/Documents/Development/blazewater/blazewater-commons/pom.xml.
2015-06-09 13:17:05,303 [Worker-8] INFO  o.e.m.c.i.l.LifecycleMappingFactory - Using org.eclipse.m2e.jdt.JarLifecycleMapping lifecycle mapping for MavenProject: com.learnvest:blazewater-core:1.0-SNAPSHOT @ /Users/jmarshall/Documents/Development/blazewater/blazewater-core/pom.xml.
2015-06-09 13:17:05,448 [Worker-0] INFO  o.e.m.c.i.embedder.EclipseLogger - Using 'UTF-8' encoding to copy filtered resources.
2015-06-09 13:17:05,448 [Worker-0] INFO  o.e.m.c.i.embedder.EclipseLogger - skip non existing resourceDirectory /Users/jmarshall/Documents/Development/blazewater/blazewater-commons/blazewater-anno/src/main/resources
2015-06-09 13:17:05,450 [Worker-0] INFO  o.e.m.c.i.embedder.EclipseLogger - Using 'UTF-8' encoding to copy filtered resources.
2015-06-09 13:17:05,450 [Worker-0] INFO  o.e.m.c.i.embedder.EclipseLogger - skip non existing resourceDirectory /Users/jmarshall/Documents/Development/blazewater/blazewater-commons/blazewater-anno/src/test/resources
2015-06-09 13:17:05,554 [Worker-0] INFO  o.e.m.c.i.l.LifecycleMappingFactory - Using org.eclipse.m2e.jdt.JarLifecycleMapping lifecycle mapping for MavenProject: com.learnvest:blazewater-local:1.0-SNAPSHOT @ /Users/jmarshall/Documents/Development/blazewater/blazewater-local/pom.xml.
2015-06-09 13:17:06,264 [Worker-0] INFO  o.e.m.c.i.embedder.EclipseLogger - Using 'UTF-8' encoding to copy filtered resources.
2015-06-09 13:17:06,264 [Worker-0] INFO  o.e.m.c.i.embedder.EclipseLogger - skip non existing resourceDirectory /Users/jmarshall/Documents/Development/blazewater/blazewater-local/src/main/resources
2015-06-09 13:17:06,265 [Worker-0] INFO  o.e.m.c.i.embedder.EclipseLogger - Using 'UTF-8' encoding to copy filtered resources.
2015-06-09 13:17:06,269 [Worker-0] INFO  o.e.m.c.i.embedder.EclipseLogger - Copying 193 resources
2015-06-09 13:17:07,136 [Worker-8] INFO  o.e.m.c.i.l.LifecycleMappingFactory - Using NULL lifecycle mapping for MavenProject: com.learnvest:blazewater-bay:1.0-SNAPSHOT @ /Users/jmarshall/Documents/Development/blazewater/pom.xml.
2015-06-09 13:17:07,175 [Worker-8] INFO  o.e.m.c.i.l.LifecycleMappingFactory - Using org.eclipse.m2e.jdt.JarLifecycleMapping lifecycle mapping for MavenProject: com.learnvest:blazewater-anno:1.0-SNAPSHOT @ /Users/jmarshall/Documents/Development/blazewater/blazewater-commons/blazewater-anno/pom.xml.
2015-06-09 13:17:07,184 [Worker-8] INFO  o.e.m.c.i.l.LifecycleMappingFactory - Using NULL lifecycle mapping for MavenProject: com.learnvest:blazewater-commons:1.0-SNAPSHOT @ /Users/jmarshall/Documents/Development/blazewater/blazewater-commons/pom.xml.
2015-06-09 13:17:07,201 [Worker-8] INFO  o.e.m.c.i.l.LifecycleMappingFactory - Using org.eclipse.m2e.jdt.JarLifecycleMapping lifecycle mapping for MavenProject: com.learnvest:blazewater-core:1.0-SNAPSHOT @ /Users/jmarshall/Documents/Development/blazewater/blazewater-core/pom.xml.
2015-06-09 13:17:07,693 [Worker-8] INFO  o.e.m.c.i.l.LifecycleMappingFactory - Using org.eclipse.m2e.jdt.JarLifecycleMapping lifecycle mapping for MavenProject: com.learnvest:blazewater-delta:1.0-SNAPSHOT @ /Users/jmarshall/Documents/Development/blazewater/blazewater-commons/blazewater-delta/pom.xml.
2015-06-09 13:17:07,724 [Worker-8] INFO  o.e.m.c.i.l.LifecycleMappingFactory - Using org.eclipse.m2e.jdt.JarLifecycleMapping lifecycle mapping for MavenProject: com.learnvest:blazewater-dto:1.0-SNAPSHOT @ /Users/jmarshall/Documents/Development/blazewater/blazewater-dto/pom.xml.
2015-06-09 13:17:07,754 [Worker-8] INFO  o.e.m.c.i.l.LifecycleMappingFactory - Using org.eclipse.m2e.jdt.JarLifecycleMapping lifecycle mapping for MavenProject: com.learnvest:blazewater-gson:1.0-SNAPSHOT @ /Users/jmarshall/Documents/Development/blazewater/blazewater-commons/blazewater-gson/pom.xml.
2015-06-09 13:17:07,782 [Worker-8] INFO  o.e.m.c.i.l.LifecycleMappingFactory - Using org.eclipse.m2e.jdt.JarLifecycleMapping lifecycle mapping for MavenProject: com.learnvest:blazewater-local:1.0-SNAPSHOT @ /Users/jmarshall/Documents/Development/blazewater/blazewater-local/pom.xml.
2015-06-09 13:17:07,863 [Worker-8] INFO  o.e.m.c.i.l.LifecycleMappingFactory - Using org.eclipse.m2e.jdt.JarLifecycleMapping lifecycle mapping for MavenProject: com.learnvest:blazewater-output-conversion:1.0-SNAPSHOT @ /Users/jmarshall/Documents/Development/blazewater/blazewater-output-conversion/pom.xml.
2015-06-09 13:17:07,908 [Worker-8] WARN  o.e.m.c.i.embedder.EclipseLogger - The artifact org.apache.commons:commons-io:jar:1.3.2 has been relocated to commons-io:commons-io:jar:1.3.2
2015-06-09 13:17:07,990 [Worker-8] INFO  o.e.m.c.i.l.LifecycleMappingFactory - Using org.eclipse.m2e.jdt.JarLifecycleMapping lifecycle mapping for MavenProject: com.learnvest:blazewater-time:1.0-SNAPSHOT @ /Users/jmarshall/Documents/Development/blazewater/blazewater-commons/blazewater-time/pom.xml.
2015-06-09 13:17:08,029 [Worker-8] INFO  o.e.m.c.i.l.LifecycleMappingFactory - Using org.eclipse.m2e.jdt.JarLifecycleMapping lifecycle mapping for MavenProject: com.learnvest:blazewater-util:1.0-SNAPSHOT @ /Users/jmarshall/Documents/Development/blazewater/blazewater-commons/blazewater-util/pom.xml.
2015-06-09 13:17:09,042 [Worker-2] INFO  o.e.m.c.i.embedder.EclipseLogger - Using 'UTF-8' encoding to copy filtered resources.
2015-06-09 13:17:09,042 [Worker-2] INFO  o.e.m.c.i.embedder.EclipseLogger - skip non existing resourceDirectory /Users/jmarshall/Documents/Development/blazewater/blazewater-commons/blazewater-anno/src/main/resources
2015-06-09 13:17:09,043 [Worker-2] INFO  o.e.m.c.i.embedder.EclipseLogger - Using 'UTF-8' encoding to copy filtered resources.
2015-06-09 13:17:09,043 [Worker-2] INFO  o.e.m.c.i.embedder.EclipseLogger - skip non existing resourceDirectory /Users/jmarshall/Documents/Development/blazewater/blazewater-commons/blazewater-anno/src/test/resources
2015-06-09 13:17:09,062 [Worker-2] INFO  o.e.m.c.i.embedder.EclipseLogger - Using 'UTF-8' encoding to copy filtered resources.
2015-06-09 13:17:09,062 [Worker-2] INFO  o.e.m.c.i.embedder.EclipseLogger - skip non existing resourceDirectory /Users/jmarshall/Documents/Development/blazewater/blazewater-commons/blazewater-time/src/main/resources
2015-06-09 13:17:09,063 [Worker-2] INFO  o.e.m.c.i.embedder.EclipseLogger - Using 'UTF-8' encoding to copy filtered resources.
2015-06-09 13:17:09,064 [Worker-2] INFO  o.e.m.c.i.embedder.EclipseLogger - skip non existing resourceDirectory /Users/jmarshall/Documents/Development/blazewater/blazewater-commons/blazewater-time/src/test/resources
2015-06-09 13:17:09,149 [Worker-2] INFO  o.e.m.c.i.embedder.EclipseLogger - Using 'UTF-8' encoding to copy filtered resources.
2015-06-09 13:17:09,149 [Worker-2] INFO  o.e.m.c.i.embedder.EclipseLogger - skip non existing resourceDirectory /Users/jmarshall/Documents/Development/blazewater/blazewater-commons/blazewater-util/src/main/resources
2015-06-09 13:17:09,150 [Worker-2] INFO  o.e.m.c.i.embedder.EclipseLogger - Using 'UTF-8' encoding to copy filtered resources.
2015-06-09 13:17:09,150 [Worker-2] INFO  o.e.m.c.i.embedder.EclipseLogger - skip non existing resourceDirectory /Users/jmarshall/Documents/Development/blazewater/blazewater-commons/blazewater-util/src/test/resources
2015-06-09 13:17:09,241 [Worker-2] INFO  o.e.m.c.i.embedder.EclipseLogger - Using 'UTF-8' encoding to copy filtered resources.
2015-06-09 13:17:09,241 [Worker-2] INFO  o.e.m.c.i.embedder.EclipseLogger - skip non existing resourceDirectory /Users/jmarshall/Documents/Development/blazewater/blazewater-commons/blazewater-delta/src/main/resources
2015-06-09 13:17:09,242 [Worker-2] INFO  o.e.m.c.i.embedder.EclipseLogger - Using 'UTF-8' encoding to copy filtered resources.
2015-06-09 13:17:09,242 [Worker-2] INFO  o.e.m.c.i.embedder.EclipseLogger - skip non existing resourceDirectory /Users/jmarshall/Documents/Development/blazewater/blazewater-commons/blazewater-delta/src/test/resources
2015-06-09 13:17:09,355 [Worker-2] INFO  o.e.m.c.i.embedder.EclipseLogger - Using 'UTF-8' encoding to copy filtered resources.
2015-06-09 13:17:09,356 [Worker-2] INFO  o.e.m.c.i.embedder.EclipseLogger - skip non existing resourceDirectory /Users/jmarshall/Documents/Development/blazewater/blazewater-dto/src/main/resources
2015-06-09 13:17:09,357 [Worker-2] INFO  o.e.m.c.i.embedder.EclipseLogger - Using 'UTF-8' encoding to copy filtered resources.
2015-06-09 13:17:09,357 [Worker-2] INFO  o.e.m.c.i.embedder.EclipseLogger - skip non existing resourceDirectory /Users/jmarshall/Documents/Development/blazewater/blazewater-dto/src/test/resources
2015-06-09 13:17:09,459 [Worker-2] WARN  o.e.m.c.i.embedder.EclipseLogger - The artifact org.apache.commons:commons-io:jar:1.3.2 has been relocated to commons-io:commons-io:jar:1.3.2
2015-06-09 13:17:09,471 [Worker-2] WARN  o.e.m.c.i.embedder.EclipseLogger - Using platform encoding (UTF-8 actually) to copy filtered resources, i.e. build is platform dependent!
2015-06-09 13:17:09,472 [Worker-2] INFO  o.e.m.c.i.embedder.EclipseLogger - skip non existing resourceDirectory /Users/jmarshall/Documents/Development/blazewater/blazewater-output-conversion/src/main/resources
2015-06-09 13:17:09,474 [Worker-2] WARN  o.e.m.c.i.embedder.EclipseLogger - Using platform encoding (UTF-8 actually) to copy filtered resources, i.e. build is platform dependent!
2015-06-09 13:17:09,474 [Worker-2] INFO  o.e.m.c.i.embedder.EclipseLogger - skip non existing resourceDirectory /Users/jmarshall/Documents/Development/blazewater/blazewater-output-conversion/src/test/resources
2015-06-09 13:17:09,582 [Worker-2] INFO  o.e.m.c.i.embedder.EclipseLogger - Using 'UTF-8' encoding to copy filtered resources.
2015-06-09 13:17:09,582 [Worker-2] INFO  o.e.m.c.i.embedder.EclipseLogger - skip non existing resourceDirectory /Users/jmarshall/Documents/Development/blazewater/blazewater-commons/blazewater-gson/src/main/resources
2015-06-09 13:17:09,584 [Worker-2] INFO  o.e.m.c.i.embedder.EclipseLogger - Using 'UTF-8' encoding to copy filtered resources.
2015-06-09 13:17:09,584 [Worker-2] INFO  o.e.m.c.i.embedder.EclipseLogger - skip non existing resourceDirectory /Users/jmarshall/Documents/Development/blazewater/blazewater-commons/blazewater-gson/src/test/resources
2015-06-09 13:17:09,999 [Worker-2] INFO  o.e.m.c.i.embedder.EclipseLogger - Using 'UTF-8' encoding to copy filtered resources.
2015-06-09 13:17:10,001 [Worker-2] INFO  o.e.m.c.i.embedder.EclipseLogger - Copying 0 resource
2015-06-09 13:17:10,004 [Worker-2] INFO  o.e.m.c.i.embedder.EclipseLogger - Using 'UTF-8' encoding to copy filtered resources.
2015-06-09 13:17:10,004 [Worker-2] INFO  o.e.m.c.i.embedder.EclipseLogger - skip non existing resourceDirectory /Users/jmarshall/Documents/Development/blazewater/blazewater-core/src/test/resources
2015-06-09 13:17:10,597 [Worker-2] INFO  o.e.m.c.i.embedder.EclipseLogger - Using 'UTF-8' encoding to copy filtered resources.
2015-06-09 13:17:10,598 [Worker-2] INFO  o.e.m.c.i.embedder.EclipseLogger - skip non existing resourceDirectory /Users/jmarshall/Documents/Development/blazewater/blazewater-local/src/main/resources
2015-06-09 13:17:10,600 [Worker-2] INFO  o.e.m.c.i.embedder.EclipseLogger - Using 'UTF-8' encoding to copy filtered resources.
2015-06-09 13:17:10,601 [Worker-2] INFO  o.e.m.c.i.embedder.EclipseLogger - Copying 0 resource
2015-06-09 13:25:39,367 [Worker-7] INFO  o.e.m.c.i.embedder.EclipseLogger - Using 'UTF-8' encoding to copy filtered resources.
2015-06-09 13:25:39,375 [Worker-7] INFO  o.e.m.c.i.embedder.EclipseLogger - Copying 12 resources
2015-06-09 13:25:39,395 [Worker-7] INFO  o.e.m.c.i.embedder.EclipseLogger - Using 'UTF-8' encoding to copy filtered resources.
2015-06-09 13:25:39,395 [Worker-7] INFO  o.e.m.c.i.embedder.EclipseLogger - skip non existing resourceDirectory /Users/jmarshall/Documents/Development/blazewater/blazewater-core/src/test/resources
2015-06-09 13:29:00,628 [main] ERROR o.e.m.j.u.i.DownloadSourcesActionDelegate - Could not schedule source download
java.lang.ClassCastException: org.eclipse.ui.part.FileEditorInput cannot be cast to org.eclipse.jdt.internal.ui.javaeditor.IClassFileEditorInput
	at org.eclipse.m2e.jdt.ui.internal.DownloadSourcesActionDelegate.setActiveEditor(DownloadSourcesActionDelegate.java:45) ~[na:na]
	at org.eclipse.ui.internal.EditorPluginAction.editorChanged(EditorPluginAction.java:77) [org.eclipse.ui.workbench_3.106.2.v20150204-1030.jar:na]
	at org.eclipse.ui.internal.EditorActionBuilder$EditorContribution.editorChanged(EditorActionBuilder.java:86) [org.eclipse.ui.workbench_3.106.2.v20150204-1030.jar:na]
	at org.eclipse.ui.internal.EditorActionBuilder$ExternalContributor.setActiveEditor(EditorActionBuilder.java:135) [org.eclipse.ui.workbench_3.106.2.v20150204-1030.jar:na]
	at org.eclipse.ui.internal.EditorActionBars.partChanged(EditorActionBars.java:357) [org.eclipse.ui.workbench_3.106.2.v20150204-1030.jar:na]
	at org.eclipse.ui.internal.WorkbenchPage.updateActivations(WorkbenchPage.java:305) [org.eclipse.ui.workbench_3.106.2.v20150204-1030.jar:na]
	at org.eclipse.ui.internal.WorkbenchPage.access$17(WorkbenchPage.java:287) [org.eclipse.ui.workbench_3.106.2.v20150204-1030.jar:na]
	at org.eclipse.ui.internal.WorkbenchPage$E4PartListener.partActivated(WorkbenchPage.java:209) [org.eclipse.ui.workbench_3.106.2.v20150204-1030.jar:na]
	at org.eclipse.e4.ui.internal.workbench.PartServiceImpl$3.run(PartServiceImpl.java:241) [org.eclipse.e4.ui.workbench_1.2.2.v20141212-1259.jar:na]
	at org.eclipse.core.runtime.SafeRunner.run(SafeRunner.java:42) [org.eclipse.equinox.common_3.6.200.v20130402-1505.jar:na]
	at org.eclipse.e4.ui.internal.workbench.PartServiceImpl.firePartActivated(PartServiceImpl.java:238) [org.eclipse.e4.ui.workbench_1.2.2.v20141212-1259.jar:na]
	at org.eclipse.e4.ui.internal.workbench.PartServiceImpl.activate(PartServiceImpl.java:692) [org.eclipse.e4.ui.workbench_1.2.2.v20141212-1259.jar:na]
	at org.eclipse.e4.ui.internal.workbench.PartServiceImpl.activate(PartServiceImpl.java:620) [org.eclipse.e4.ui.workbench_1.2.2.v20141212-1259.jar:na]
	at org.eclipse.e4.ui.internal.workbench.swt.AbstractPartRenderer.activate(AbstractPartRenderer.java:106) [org.eclipse.e4.ui.workbench.swt_0.12.100.v20141126-1150.jar:na]
	at org.eclipse.e4.ui.workbench.renderers.swt.ContributedPartRenderer$1.handleEvent(ContributedPartRenderer.java:61) [org.eclipse.e4.ui.workbench.renderers.swt_0.12.2.v20150204-1353.jar:na]
	at org.eclipse.swt.widgets.EventTable.sendEvent(EventTable.java:84) [org.eclipse.swt.cocoa.macosx.x86_64_3.103.2.v20150203-1351.jar:na]
	at org.eclipse.swt.widgets.Display.sendEvent(Display.java:4199) [org.eclipse.swt.cocoa.macosx.x86_64_3.103.2.v20150203-1351.jar:na]
	at org.eclipse.swt.widgets.Widget.sendEvent(Widget.java:1467) [org.eclipse.swt.cocoa.macosx.x86_64_3.103.2.v20150203-1351.jar:na]
	at org.eclipse.swt.widgets.Widget.sendEvent(Widget.java:1490) [org.eclipse.swt.cocoa.macosx.x86_64_3.103.2.v20150203-1351.jar:na]
	at org.eclipse.swt.widgets.Widget.sendEvent(Widget.java:1475) [org.eclipse.swt.cocoa.macosx.x86_64_3.103.2.v20150203-1351.jar:na]
	at org.eclipse.swt.widgets.Shell.setActiveControl(Shell.java:1577) [org.eclipse.swt.cocoa.macosx.x86_64_3.103.2.v20150203-1351.jar:na]
	at org.eclipse.swt.widgets.Shell.setActiveControl(Shell.java:1540) [org.eclipse.swt.cocoa.macosx.x86_64_3.103.2.v20150203-1351.jar:na]
	at org.eclipse.swt.widgets.Control.sendFocusEvent(Control.java:3334) [org.eclipse.swt.cocoa.macosx.x86_64_3.103.2.v20150203-1351.jar:na]
	at org.eclipse.swt.widgets.Display.checkFocus(Display.java:670) [org.eclipse.swt.cocoa.macosx.x86_64_3.103.2.v20150203-1351.jar:na]
	at org.eclipse.swt.widgets.Shell.makeFirstResponder(Shell.java:1273) [org.eclipse.swt.cocoa.macosx.x86_64_3.103.2.v20150203-1351.jar:na]
	at org.eclipse.swt.widgets.Display.windowProc(Display.java:5748) [org.eclipse.swt.cocoa.macosx.x86_64_3.103.2.v20150203-1351.jar:na]
	at org.eclipse.swt.internal.cocoa.OS.objc_msgSend_bool(Native Method) [org.eclipse.swt.cocoa.macosx.x86_64_3.103.2.v20150203-1351.jar:na]
	at org.eclipse.swt.internal.cocoa.NSWindow.makeFirstResponder(NSWindow.java:198) [org.eclipse.swt.cocoa.macosx.x86_64_3.103.2.v20150203-1351.jar:na]
	at org.eclipse.swt.widgets.Control.forceFocus(Control.java:1445) [org.eclipse.swt.cocoa.macosx.x86_64_3.103.2.v20150203-1351.jar:na]
	at org.eclipse.swt.widgets.Control.forceFocus(Control.java:1425) [org.eclipse.swt.cocoa.macosx.x86_64_3.103.2.v20150203-1351.jar:na]
	at org.eclipse.swt.widgets.Control.setFocus(Control.java:3747) [org.eclipse.swt.cocoa.macosx.x86_64_3.103.2.v20150203-1351.jar:na]
	at org.eclipse.swt.widgets.Composite.setFocus(Composite.java:1037) [org.eclipse.swt.cocoa.macosx.x86_64_3.103.2.v20150203-1351.jar:na]
	at org.eclipse.ui.internal.ErrorEditorPart.setFocus(ErrorEditorPart.java:117) [org.eclipse.ui.workbench_3.106.2.v20150204-1030.jar:na]
	at org.eclipse.ui.internal.e4.compatibility.CompatibilityPart.delegateSetFocus(CompatibilityPart.java:191) [org.eclipse.ui.workbench_3.106.2.v20150204-1030.jar:na]
	at sun.reflect.GeneratedMethodAccessor69.invoke(Unknown Source) ~[na:na]
	at sun.reflect.DelegatingMethodAccessorImpl.invoke(DelegatingMethodAccessorImpl.java:43) ~[na:1.8.0_45]
	at java.lang.reflect.Method.invoke(Method.java:497) ~[na:1.8.0_45]
	at org.eclipse.e4.core.internal.di.MethodRequestor.execute(MethodRequestor.java:55) [org.eclipse.e4.core.di_1.4.0.v20140414-1837.jar:na]
	at org.eclipse.e4.core.internal.di.InjectorImpl.invokeUsingClass(InjectorImpl.java:247) [org.eclipse.e4.core.di_1.4.0.v20140414-1837.jar:na]
	at org.eclipse.e4.core.internal.di.InjectorImpl.invokeUsingClass(InjectorImpl.java:253) [org.eclipse.e4.core.di_1.4.0.v20140414-1837.jar:na]
	at org.eclipse.e4.core.internal.di.InjectorImpl.invoke(InjectorImpl.java:225) [org.eclipse.e4.core.di_1.4.0.v20140414-1837.jar:na]
	at org.eclipse.e4.core.contexts.ContextInjectionFactory.invoke(ContextInjectionFactory.java:107) [org.eclipse.e4.core.contexts_1.3.100.v20140407-1019.jar:na]
	at org.eclipse.e4.ui.internal.workbench.swt.PartRenderingEngine.focusGui(PartRenderingEngine.java:795) [org.eclipse.e4.ui.workbench.swt_0.12.100.v20141126-1150.jar:na]
	at org.eclipse.e4.ui.workbench.renderers.swt.ContributedPartRenderer$2.setFocus(ContributedPartRenderer.java:100) [org.eclipse.e4.ui.workbench.renderers.swt_0.12.2.v20150204-1353.jar:na]
	at org.eclipse.swt.custom.CTabItem.setFocus(CTabItem.java:332) [org.eclipse.swt.cocoa.macosx.x86_64_3.103.2.v20150203-1351.jar:na]
	at org.eclipse.swt.custom.CTabFolder.setFocus(CTabFolder.java:2555) [org.eclipse.swt.cocoa.macosx.x86_64_3.103.2.v20150203-1351.jar:na]
	at org.eclipse.swt.widgets.Control.fixFocus(Control.java:1351) [org.eclipse.swt.cocoa.macosx.x86_64_3.103.2.v20150203-1351.jar:na]
	at org.eclipse.swt.widgets.Control.setVisible(Control.java:4275) [org.eclipse.swt.cocoa.macosx.x86_64_3.103.2.v20150203-1351.jar:na]
	at org.eclipse.swt.widgets.ToolBar.setVisible(ToolBar.java:742) [org.eclipse.swt.cocoa.macosx.x86_64_3.103.2.v20150203-1351.jar:na]
	at org.eclipse.swt.custom.CTabFolder.setItemSize(CTabFolder.java:2724) [org.eclipse.swt.cocoa.macosx.x86_64_3.103.2.v20150203-1351.jar:na]
	at org.eclipse.swt.custom.CTabFolder.updateItems(CTabFolder.java:3703) [org.eclipse.swt.cocoa.macosx.x86_64_3.103.2.v20150203-1351.jar:na]
	at org.eclipse.swt.custom.CTabFolder.updateItems(CTabFolder.java:3640) [org.eclipse.swt.cocoa.macosx.x86_64_3.103.2.v20150203-1351.jar:na]
	at org.eclipse.swt.custom.CTabFolder.onResize(CTabFolder.java:2034) [org.eclipse.swt.cocoa.macosx.x86_64_3.103.2.v20150203-1351.jar:na]
	at org.eclipse.swt.custom.CTabFolder$1.handleEvent(CTabFolder.java:290) [org.eclipse.swt.cocoa.macosx.x86_64_3.103.2.v20150203-1351.jar:na]
	at org.eclipse.swt.widgets.EventTable.sendEvent(EventTable.java:84) [org.eclipse.swt.cocoa.macosx.x86_64_3.103.2.v20150203-1351.jar:na]
	at org.eclipse.swt.widgets.Display.sendEvent(Display.java:4199) [org.eclipse.swt.cocoa.macosx.x86_64_3.103.2.v20150203-1351.jar:na]
	at org.eclipse.swt.widgets.Widget.sendEvent(Widget.java:1467) [org.eclipse.swt.cocoa.macosx.x86_64_3.103.2.v20150203-1351.jar:na]
	at org.eclipse.swt.widgets.Widget.sendEvent(Widget.java:1490) [org.eclipse.swt.cocoa.macosx.x86_64_3.103.2.v20150203-1351.jar:na]
	at org.eclipse.swt.widgets.Widget.sendEvent(Widget.java:1471) [org.eclipse.swt.cocoa.macosx.x86_64_3.103.2.v20150203-1351.jar:na]
	at org.eclipse.swt.widgets.Control.resized(Control.java:3296) [org.eclipse.swt.cocoa.macosx.x86_64_3.103.2.v20150203-1351.jar:na]
	at org.eclipse.swt.widgets.Composite.resized(Composite.java:937) [org.eclipse.swt.cocoa.macosx.x86_64_3.103.2.v20150203-1351.jar:na]
	at org.eclipse.swt.widgets.Control.setFrameSize(Control.java:3838) [org.eclipse.swt.cocoa.macosx.x86_64_3.103.2.v20150203-1351.jar:na]
	at org.eclipse.swt.widgets.Display.windowProc(Display.java:5630) [org.eclipse.swt.cocoa.macosx.x86_64_3.103.2.v20150203-1351.jar:na]
	at org.eclipse.swt.internal.cocoa.OS.objc_msgSend(Native Method) [org.eclipse.swt.cocoa.macosx.x86_64_3.103.2.v20150203-1351.jar:na]
	at org.eclipse.swt.internal.cocoa.NSView.setFrameSize(NSView.java:283) [org.eclipse.swt.cocoa.macosx.x86_64_3.103.2.v20150203-1351.jar:na]
	at org.eclipse.swt.widgets.Control.setBounds(Control.java:3578) [org.eclipse.swt.cocoa.macosx.x86_64_3.103.2.v20150203-1351.jar:na]
	at org.eclipse.swt.widgets.Control.setSize(Control.java:4121) [org.eclipse.swt.cocoa.macosx.x86_64_3.103.2.v20150203-1351.jar:na]
	at org.eclipse.swt.widgets.Control.pack(Control.java:2713) [org.eclipse.swt.cocoa.macosx.x86_64_3.103.2.v20150203-1351.jar:na]
	at org.eclipse.swt.widgets.Control.pack(Control.java:2687) [org.eclipse.swt.cocoa.macosx.x86_64_3.103.2.v20150203-1351.jar:na]
	at org.eclipse.e4.ui.workbench.renderers.swt.StackRenderer.adjustTopRight(StackRenderer.java:786) [org.eclipse.e4.ui.workbench.renderers.swt_0.12.2.v20150204-1353.jar:na]
	at org.eclipse.e4.ui.workbench.renderers.swt.StackRenderer.showTab(StackRenderer.java:1263) [org.eclipse.e4.ui.workbench.renderers.swt_0.12.2.v20150204-1353.jar:na]
	at org.eclipse.e4.ui.workbench.renderers.swt.LazyStackRenderer$1.handleEvent(LazyStackRenderer.java:69) [org.eclipse.e4.ui.workbench.renderers.swt_0.12.2.v20150204-1353.jar:na]
	at org.eclipse.e4.ui.services.internal.events.UIEventHandler$1.run(UIEventHandler.java:40) [org.eclipse.e4.ui.services_1.1.0.v20140328-1925.jar:na]
	at org.eclipse.swt.widgets.Synchronizer.syncExec(Synchronizer.java:187) [org.eclipse.swt.cocoa.macosx.x86_64_3.103.2.v20150203-1351.jar:na]
	at org.eclipse.ui.internal.UISynchronizer.syncExec(UISynchronizer.java:156) [org.eclipse.ui.workbench_3.106.2.v20150204-1030.jar:na]
	at org.eclipse.swt.widgets.Display.syncExec(Display.java:4732) [org.eclipse.swt.cocoa.macosx.x86_64_3.103.2.v20150203-1351.jar:na]
	at org.eclipse.e4.ui.internal.workbench.swt.E4Application$1.syncExec(E4Application.java:218) [org.eclipse.e4.ui.workbench.swt_0.12.100.v20141126-1150.jar:na]
	at org.eclipse.e4.ui.services.internal.events.UIEventHandler.handleEvent(UIEventHandler.java:36) [org.eclipse.e4.ui.services_1.1.0.v20140328-1925.jar:na]
	at org.eclipse.equinox.internal.event.EventHandlerWrapper.handleEvent(EventHandlerWrapper.java:197) [org.eclipse.equinox.event_1.3.100.v20140115-1647.jar:na]
	at org.eclipse.equinox.internal.event.EventHandlerTracker.dispatchEvent(EventHandlerTracker.java:197) [org.eclipse.equinox.event_1.3.100.v20140115-1647.jar:na]
	at org.eclipse.equinox.internal.event.EventHandlerTracker.dispatchEvent(EventHandlerTracker.java:1) [org.eclipse.equinox.event_1.3.100.v20140115-1647.jar:na]
	at org.eclipse.osgi.framework.eventmgr.EventManager.dispatchEvent(EventManager.java:230) [org.eclipse.osgi_3.10.2.v20150203-1939.jar:na]
	at org.eclipse.osgi.framework.eventmgr.ListenerQueue.dispatchEventSynchronous(ListenerQueue.java:148) [org.eclipse.osgi_3.10.2.v20150203-1939.jar:na]
	at org.eclipse.equinox.internal.event.EventAdminImpl.dispatchEvent(EventAdminImpl.java:135) [org.eclipse.equinox.event_1.3.100.v20140115-1647.jar:na]
	at org.eclipse.equinox.internal.event.EventAdminImpl.sendEvent(EventAdminImpl.java:78) [org.eclipse.equinox.event_1.3.100.v20140115-1647.jar:na]
	at org.eclipse.equinox.internal.event.EventComponent.sendEvent(EventComponent.java:39) [org.eclipse.equinox.event_1.3.100.v20140115-1647.jar:na]
	at org.eclipse.e4.ui.services.internal.events.EventBroker.send(EventBroker.java:81) [org.eclipse.e4.ui.services_1.1.0.v20140328-1925.jar:na]
	at org.eclipse.e4.ui.internal.workbench.UIEventPublisher.notifyChanged(UIEventPublisher.java:59) [org.eclipse.e4.ui.workbench_1.2.2.v20141212-1259.jar:na]
	at org.eclipse.emf.common.notify.impl.BasicNotifierImpl.eNotify(BasicNotifierImpl.java:374) [org.eclipse.emf.common_2.10.1.v20150123-0348.jar:na]
	at org.eclipse.e4.ui.model.application.ui.impl.ElementContainerImpl.setSelectedElement(ElementContainerImpl.java:171) [org.eclipse.e4.ui.model.workbench_1.1.0.v20140512-1820.jar:na]
	at org.eclipse.e4.ui.internal.workbench.ModelServiceImpl.showElementInWindow(ModelServiceImpl.java:488) [org.eclipse.e4.ui.workbench_1.2.2.v20141212-1259.jar:na]
	at org.eclipse.e4.ui.internal.workbench.ModelServiceImpl.bringToTop(ModelServiceImpl.java:454) [org.eclipse.e4.ui.workbench_1.2.2.v20141212-1259.jar:na]
	at org.eclipse.e4.ui.internal.workbench.PartServiceImpl.delegateBringToTop(PartServiceImpl.java:705) [org.eclipse.e4.ui.workbench_1.2.2.v20141212-1259.jar:na]
	at org.eclipse.e4.ui.internal.workbench.PartServiceImpl.showPart(PartServiceImpl.java:1142) [org.eclipse.e4.ui.workbench_1.2.2.v20141212-1259.jar:na]
	at org.eclipse.ui.internal.WorkbenchPage.busyOpenEditor(WorkbenchPage.java:3210) [org.eclipse.ui.workbench_3.106.2.v20150204-1030.jar:na]
	at org.eclipse.ui.internal.WorkbenchPage.access$23(WorkbenchPage.java:3125) [org.eclipse.ui.workbench_3.106.2.v20150204-1030.jar:na]
	at org.eclipse.ui.internal.WorkbenchPage$9.run(WorkbenchPage.java:3107) [org.eclipse.ui.workbench_3.106.2.v20150204-1030.jar:na]
	at org.eclipse.swt.custom.BusyIndicator.showWhile(BusyIndicator.java:70) [org.eclipse.swt.cocoa.macosx.x86_64_3.103.2.v20150203-1351.jar:na]
	at org.eclipse.ui.internal.WorkbenchPage.openEditor(WorkbenchPage.java:3102) [org.eclipse.ui.workbench_3.106.2.v20150204-1030.jar:na]
	at org.eclipse.ui.internal.WorkbenchPage.openEditor(WorkbenchPage.java:3066) [org.eclipse.ui.workbench_3.106.2.v20150204-1030.jar:na]
	at org.eclipse.ui.internal.WorkbenchPage.openEditor(WorkbenchPage.java:3056) [org.eclipse.ui.workbench_3.106.2.v20150204-1030.jar:na]
	at org.eclipse.ui.ide.IDE.openEditor(IDE.java:541) [org.eclipse.ui.ide_3.10.2.v20141118-1227.jar:na]
	at org.eclipse.ui.ide.IDE.openEditor(IDE.java:500) [org.eclipse.ui.ide_3.10.2.v20141118-1227.jar:na]
	at org.eclipse.ui.internal.ide.handlers.OpenResourceHandler.execute(OpenResourceHandler.java:129) [org.eclipse.ui.ide_3.10.2.v20141118-1227.jar:na]
	at org.eclipse.ui.internal.ide.handlers.OpenResourceHandler.run(OpenResourceHandler.java:181) [org.eclipse.ui.ide_3.10.2.v20141118-1227.jar:na]
	at org.eclipse.ui.internal.handlers.ActionDelegateHandlerProxy.execute(ActionDelegateHandlerProxy.java:299) [org.eclipse.ui.workbench_3.106.2.v20150204-1030.jar:na]
	at org.eclipse.ui.internal.handlers.E4HandlerProxy.execute(E4HandlerProxy.java:90) [org.eclipse.ui.workbench_3.106.2.v20150204-1030.jar:na]
	at sun.reflect.NativeMethodAccessorImpl.invoke0(Native Method) ~[na:1.8.0_45]
	at sun.reflect.NativeMethodAccessorImpl.invoke(NativeMethodAccessorImpl.java:62) ~[na:1.8.0_45]
	at sun.reflect.DelegatingMethodAccessorImpl.invoke(DelegatingMethodAccessorImpl.java:43) ~[na:1.8.0_45]
	at java.lang.reflect.Method.invoke(Method.java:497) ~[na:1.8.0_45]
	at org.eclipse.e4.core.internal.di.MethodRequestor.execute(MethodRequestor.java:55) [org.eclipse.e4.core.di_1.4.0.v20140414-1837.jar:na]
	at org.eclipse.e4.core.internal.di.InjectorImpl.invokeUsingClass(InjectorImpl.java:247) [org.eclipse.e4.core.di_1.4.0.v20140414-1837.jar:na]
	at org.eclipse.e4.core.internal.di.InjectorImpl.invoke(InjectorImpl.java:229) [org.eclipse.e4.core.di_1.4.0.v20140414-1837.jar:na]
	at org.eclipse.e4.core.contexts.ContextInjectionFactory.invoke(ContextInjectionFactory.java:132) [org.eclipse.e4.core.contexts_1.3.100.v20140407-1019.jar:na]
	at org.eclipse.e4.core.commands.internal.HandlerServiceHandler.execute(HandlerServiceHandler.java:149) [org.eclipse.e4.core.commands_0.10.2.v20140424-2344.jar:na]
	at org.eclipse.core.commands.Command.executeWithChecks(Command.java:499) [org.eclipse.core.commands_3.6.100.v20140528-1422.jar:na]
	at org.eclipse.core.commands.ParameterizedCommand.executeWithChecks(ParameterizedCommand.java:508) [org.eclipse.core.commands_3.6.100.v20140528-1422.jar:na]
	at org.eclipse.e4.core.commands.internal.HandlerServiceImpl.executeHandler(HandlerServiceImpl.java:210) [org.eclipse.e4.core.commands_0.10.2.v20140424-2344.jar:na]
	at org.eclipse.e4.ui.bindings.keys.KeyBindingDispatcher.executeCommand(KeyBindingDispatcher.java:286) [org.eclipse.e4.ui.bindings_0.10.200.v20140424-2042.jar:na]
	at org.eclipse.e4.ui.bindings.keys.KeyBindingDispatcher.press(KeyBindingDispatcher.java:507) [org.eclipse.e4.ui.bindings_0.10.200.v20140424-2042.jar:na]
	at org.eclipse.e4.ui.bindings.keys.KeyBindingDispatcher.processKeyEvent(KeyBindingDispatcher.java:558) [org.eclipse.e4.ui.bindings_0.10.200.v20140424-2042.jar:na]
	at org.eclipse.e4.ui.bindings.keys.KeyBindingDispatcher.filterKeySequenceBindings(KeyBindingDispatcher.java:378) [org.eclipse.e4.ui.bindings_0.10.200.v20140424-2042.jar:na]
	at org.eclipse.e4.ui.bindings.keys.KeyBindingDispatcher.access$0(KeyBindingDispatcher.java:324) [org.eclipse.e4.ui.bindings_0.10.200.v20140424-2042.jar:na]
	at org.eclipse.e4.ui.bindings.keys.KeyBindingDispatcher$KeyDownFilter.handleEvent(KeyBindingDispatcher.java:86) [org.eclipse.e4.ui.bindings_0.10.200.v20140424-2042.jar:na]
	at org.eclipse.swt.widgets.EventTable.sendEvent(EventTable.java:84) [org.eclipse.swt.cocoa.macosx.x86_64_3.103.2.v20150203-1351.jar:na]
	at org.eclipse.swt.widgets.Display.filterEvent(Display.java:1098) [org.eclipse.swt.cocoa.macosx.x86_64_3.103.2.v20150203-1351.jar:na]
	at org.eclipse.swt.widgets.Display.sendEvent(Display.java:4195) [org.eclipse.swt.cocoa.macosx.x86_64_3.103.2.v20150203-1351.jar:na]
	at org.eclipse.swt.widgets.Widget.sendEvent(Widget.java:1467) [org.eclipse.swt.cocoa.macosx.x86_64_3.103.2.v20150203-1351.jar:na]
	at org.eclipse.swt.widgets.Widget.sendEvent(Widget.java:1490) [org.eclipse.swt.cocoa.macosx.x86_64_3.103.2.v20150203-1351.jar:na]
	at org.eclipse.swt.widgets.Widget.sendEvent(Widget.java:1475) [org.eclipse.swt.cocoa.macosx.x86_64_3.103.2.v20150203-1351.jar:na]
	at org.eclipse.swt.widgets.Widget.sendKeyEvent(Widget.java:1504) [org.eclipse.swt.cocoa.macosx.x86_64_3.103.2.v20150203-1351.jar:na]
	at org.eclipse.swt.widgets.Widget.sendKeyEvent(Widget.java:1500) [org.eclipse.swt.cocoa.macosx.x86_64_3.103.2.v20150203-1351.jar:na]
	at org.eclipse.swt.widgets.Canvas.sendKeyEvent(Canvas.java:496) [org.eclipse.swt.cocoa.macosx.x86_64_3.103.2.v20150203-1351.jar:na]
	at org.eclipse.swt.widgets.Control.doCommandBySelector(Control.java:1060) [org.eclipse.swt.cocoa.macosx.x86_64_3.103.2.v20150203-1351.jar:na]
	at org.eclipse.swt.widgets.Display.windowProc(Display.java:5730) [org.eclipse.swt.cocoa.macosx.x86_64_3.103.2.v20150203-1351.jar:na]
	at org.eclipse.swt.internal.cocoa.OS.objc_msgSend(Native Method) [org.eclipse.swt.cocoa.macosx.x86_64_3.103.2.v20150203-1351.jar:na]
	at org.eclipse.swt.internal.cocoa.NSResponder.interpretKeyEvents(NSResponder.java:68) [org.eclipse.swt.cocoa.macosx.x86_64_3.103.2.v20150203-1351.jar:na]
	at org.eclipse.swt.widgets.Composite.keyDown(Composite.java:594) [org.eclipse.swt.cocoa.macosx.x86_64_3.103.2.v20150203-1351.jar:na]
	at org.eclipse.swt.widgets.Display.windowProc(Display.java:5640) [org.eclipse.swt.cocoa.macosx.x86_64_3.103.2.v20150203-1351.jar:na]
	at org.eclipse.swt.internal.cocoa.OS.objc_msgSendSuper(Native Method) [org.eclipse.swt.cocoa.macosx.x86_64_3.103.2.v20150203-1351.jar:na]
	at org.eclipse.swt.widgets.Widget.callSuper(Widget.java:221) [org.eclipse.swt.cocoa.macosx.x86_64_3.103.2.v20150203-1351.jar:na]
	at org.eclipse.swt.widgets.Widget.windowSendEvent(Widget.java:2105) [org.eclipse.swt.cocoa.macosx.x86_64_3.103.2.v20150203-1351.jar:na]
	at org.eclipse.swt.widgets.Shell.windowSendEvent(Shell.java:2329) [org.eclipse.swt.cocoa.macosx.x86_64_3.103.2.v20150203-1351.jar:na]
	at org.eclipse.swt.widgets.Display.windowProc(Display.java:5702) [org.eclipse.swt.cocoa.macosx.x86_64_3.103.2.v20150203-1351.jar:na]
	at org.eclipse.swt.internal.cocoa.OS.objc_msgSendSuper(Native Method) [org.eclipse.swt.cocoa.macosx.x86_64_3.103.2.v20150203-1351.jar:na]
	at org.eclipse.swt.widgets.Display.applicationSendEvent(Display.java:5139) [org.eclipse.swt.cocoa.macosx.x86_64_3.103.2.v20150203-1351.jar:na]
	at org.eclipse.swt.widgets.Display.applicationProc(Display.java:5288) [org.eclipse.swt.cocoa.macosx.x86_64_3.103.2.v20150203-1351.jar:na]
	at org.eclipse.swt.internal.cocoa.OS.objc_msgSend(Native Method) [org.eclipse.swt.cocoa.macosx.x86_64_3.103.2.v20150203-1351.jar:na]
	at org.eclipse.swt.internal.cocoa.NSApplication.sendEvent(NSApplication.java:128) [org.eclipse.swt.cocoa.macosx.x86_64_3.103.2.v20150203-1351.jar:na]
	at org.eclipse.swt.widgets.Display.readAndDispatch(Display.java:3666) [org.eclipse.swt.cocoa.macosx.x86_64_3.103.2.v20150203-1351.jar:na]
	at org.eclipse.e4.ui.internal.workbench.swt.PartRenderingEngine$9.run(PartRenderingEngine.java:1151) [org.eclipse.e4.ui.workbench.swt_0.12.100.v20141126-1150.jar:na]
	at org.eclipse.core.databinding.observable.Realm.runWithDefault(Realm.java:332) [org.eclipse.core.databinding.observable_1.4.1.v20140210-1835.jar:na]
	at org.eclipse.e4.ui.internal.workbench.swt.PartRenderingEngine.run(PartRenderingEngine.java:1032) [org.eclipse.e4.ui.workbench.swt_0.12.100.v20141126-1150.jar:na]
	at org.eclipse.e4.ui.internal.workbench.E4Workbench.createAndRunUI(E4Workbench.java:148) [org.eclipse.e4.ui.workbench_1.2.2.v20141212-1259.jar:na]
	at org.eclipse.ui.internal.Workbench$5.run(Workbench.java:636) [org.eclipse.ui.workbench_3.106.2.v20150204-1030.jar:na]
	at org.eclipse.core.databinding.observable.Realm.runWithDefault(Realm.java:332) [org.eclipse.core.databinding.observable_1.4.1.v20140210-1835.jar:na]
	at org.eclipse.ui.internal.Workbench.createAndRunWorkbench(Workbench.java:579) [org.eclipse.ui.workbench_3.106.2.v20150204-1030.jar:na]
	at org.eclipse.ui.PlatformUI.createAndRunWorkbench(PlatformUI.java:150) [org.eclipse.ui.workbench_3.106.2.v20150204-1030.jar:na]
	at org.eclipse.ui.internal.ide.application.IDEApplication.start(IDEApplication.java:135) [org.eclipse.ui.ide.application_1.0.501.v20141111-1238.jar:na]
	at org.eclipse.equinox.internal.app.EclipseAppHandle.run(EclipseAppHandle.java:196) [org.eclipse.equinox.app_1.3.200.v20130910-1609.jar:na]
	at org.eclipse.core.runtime.internal.adaptor.EclipseAppLauncher.runApplication(EclipseAppLauncher.java:134) [org.eclipse.osgi_3.10.2.v20150203-1939.jar:na]
	at org.eclipse.core.runtime.internal.adaptor.EclipseAppLauncher.start(EclipseAppLauncher.java:104) [org.eclipse.osgi_3.10.2.v20150203-1939.jar:na]
	at org.eclipse.core.runtime.adaptor.EclipseStarter.run(EclipseStarter.java:380) [org.eclipse.osgi_3.10.2.v20150203-1939.jar:na]
	at org.eclipse.core.runtime.adaptor.EclipseStarter.run(EclipseStarter.java:235) [org.eclipse.osgi_3.10.2.v20150203-1939.jar:na]
	at sun.reflect.NativeMethodAccessorImpl.invoke0(Native Method) ~[na:1.8.0_45]
	at sun.reflect.NativeMethodAccessorImpl.invoke(NativeMethodAccessorImpl.java:62) ~[na:1.8.0_45]
	at sun.reflect.DelegatingMethodAccessorImpl.invoke(DelegatingMethodAccessorImpl.java:43) ~[na:1.8.0_45]
	at java.lang.reflect.Method.invoke(Method.java:497) ~[na:1.8.0_45]
	at org.eclipse.equinox.launcher.Main.invokeFramework(Main.java:648) [org.eclipse.equinox.launcher_1.3.0.v20140415-2008.jar:na]
	at org.eclipse.equinox.launcher.Main.basicRun(Main.java:603) [org.eclipse.equinox.launcher_1.3.0.v20140415-2008.jar:na]
	at org.eclipse.equinox.launcher.Main.run(Main.java:1465) [org.eclipse.equinox.launcher_1.3.0.v20140415-2008.jar:na]
